Broker started: 09:37:57 10/19/16 UTC
 [*] Waiting for messages. To exit press CTRL+C
Broker started: 11:44:29 10/21/16 UTC
 [*] Waiting for messages. To exit press CTRL+C
Keyboard baby
Exiting Main Thread
Broker started: 11:46:37 10/21/16 UTC
 [*] Waiting for messages. To exit press CTRL+C
[x] Received 'Error: Bundle Not Deployed'
Non json payload
{"source": "test1", "controller": "raspi01", "uuid": "test1abc", "payload": "Error: Bundle Not Deployed", "cloud": "mqtt_conn1", "datetime": "2016-10-21 11:48:30"}
Message Sent with result: 0 Message Id: 1
[x] Received 'Error Starting app'
Non json payload
{"source": "test1", "controller": "raspi01", "uuid": "test1abc", "payload": "Error Starting app", "cloud": "mqtt_conn1", "datetime": "2016-10-21 12:02:28"}
Message Sent with result: 0 Message Id: 2
[x] Received "success {'state':'Active','id':'102'}"
Non json payload
{"source": "test1", "controller": "raspi01", "uuid": "test1abc", "payload": "success {'state':'Active','id':'102'}", "cloud": "mqtt_conn1", "datetime": "2016-10-21 12:04:20"}
Message Sent with result: 0 Message Id: 3
