RF24 Radio started: 14:30:20 11/16/16 UTC
Working Deviecs
[]
Wrong Start to msg delete rest
Wrong Start to msg delete rest
Wrong Start to msg delete rest
--------Message Received on CH=1-------
{"e":[{"n":"Gcode","u":"G"},{"n":"Resp","u":"String"}],"bn":["urn:dev:type:ardRF24CNC","urn:dev:mac:123mac3me56","trans:id:895"],"ver":"1"}
Register data received
Json Parts!
Found details QDZc2QeJ
---------Send Data---------
{'n':'gcode','v':'G01 X1 Y2 Z2'}
QDZc2QeJ
Found details
{'e':{'n':'gcode','v':'G01_X1_Y2_Z2'},'bn':'urn:dev:id:QDZc2QeJ'}
---------Send Data---------
{'n':'gcode','v':'G01 X1 Y2 Z2'}
QDZc2QeJ
Found details
{'e':{'n':'gcode','v':'G01_X1_Y2_Z2'},'bn':'urn:dev:id:QDZc2QeJ'}
---------Send Data---------
{'n':'gcode','v':'G01 X1 Y2 Z2'}
QDZc2QeJ
Found details
{'e':{'n':'gcode','v':'G01_X1_Y2_Z2'},'bn':'urn:dev:id:QDZc2QeJ'}
Message Timed Out:  0
---------Send Data---------
{'n':'gcode','v':'G01 X1 Y2 Z2'}
QDZc2QeJ
Found details
{'e':{'n':'gcode','v':'G01_X1_Y2_Z2'},'bn':'urn:dev:id:QDZc2QeJ'}
Message Timed Out:  1
Message Timed Out:  0
Message Timed Out:  2
Message Timed Out:  1
Message Timed Out:  3
Message Timed Out:  2
Message Timed Out:  4
Message Timed Out:  3
Message Timed Out:  5
Max Retransmit Reached
--------Message Received on CH=1-------
{"e":[{"n":"Gcode","u":"G"},{"n":"Resp","u":"String"}],"bn":["urn:dev:type:ardRF24CNC","urn:dev:mac:123mac3me56","trans:id:478"],"ver":"1"}
Register data received
Json Parts!
Found details QDZc2QeJ
---------Send Data---------
{'n':'gcode','v':'G01 X1'}
QDZc2QeJ
Found details
{'e':{'n':'gcode','v':'G01_X1'},'bn':'urn:dev:id:QDZc2QeJ'}
Message Timed Out:  0
Message Timed Out:  1
Message Timed Out:  2
Message Timed Out:  3
Message Timed Out:  4
Message Timed Out:  5
Max Retransmit Reached
---------Send Data---------
{'n':'Gcode','v':'G01 X1'}
QDZc2QeJ
Found details
{'e':{'n':'Gcode','v':'G01_X1'},'bn':'urn:dev:id:QDZc2QeJ'}
Message Timed Out:  0
Message Timed Out:  1
Message Timed Out:  2
Message Timed Out:  3
Message Timed Out:  4
Message Timed Out:  5
Max Retransmit Reached
---------Send Data---------
[{'n':'Gcode','v':'G01 X1 Z1'}]
QDZc2QeJ
Found details
{'e':[{'n':'Gcode','v':'G01_X1_Z1'}],'bn':'urn:dev:id:QDZc2QeJ'}
--------Message Received on CH=1-------
{"e":[{"n":"Resp","v":"ok"}],"bn":"urn:dev:id:QDZc2QeJ"}
Normal data received
QDZc2QeJ
[{'v':'ok','n':'Resp'}]
Keyboard baby
Exiting Main Thread
RF24 Radio started: 15:08:30 11/16/16 UTC
Working Deviecs
[]
Keyboard baby
Exiting Main Thread
RF24 Radio started: 13:26:00 11/17/16 UTC
RF24 Radio started: 13:26:55 11/17/16 UTC
RF24 Radio started: 13:27:24 11/17/16 UTC
--------Message Received on CH=1-------
{"e":[{"n":"Gcode","u":"G"},{"n":"Resp","u":"String"}],"bn":["urn:dev:type:ardRF24CNC","urn:dev:mac:123mac3me56","trans:id:478"],"ver":"1"}
Register data received
Json Parts!
Found details QDZc2QeJ
Keyboard baby
Exiting Main Thread
RF24 Radio started: 13:28:42 11/17/16 UTC
--------Message Received on CH=1-------
{"e":[{"n":"Gcode","u":"G"},{"n":"Resp","u":"String"}],"bn":["urn:dev:type:ardRF24CNC","urn:dev:mac:123mac3me56","trans:id:478"],"ver":"1"}
Register data received
Json Parts!
No details found
New UUID=IDdC6ZNc
--------Message Received on CH=1-------
{"e":[{"n":"Gcode","u":"G"},{"n":"Resp","u":"String"}],"bn":["urn:dev:type:ardRF24CNC","urn:dev:mac:123mac3me56","trans:id:478"],"ver":"1"}
Register data received
Json Parts!
Found details QDZc2QeJ
---------Send Data---------
[{'n':'Gcode','v':'G01 X1'}]
QDZc2QeJ
Found details
{'e':[{'n':'Gcode','v':'G01_X1'}],'bn':'urn:dev:id:QDZc2QeJ'}
---------Send Data---------
[{'n':'Gcode','v':'G1 X1'}]
QDZc2QeJ
Found details
{'e':[{'n':'Gcode','v':'G1_X1'}],'bn':'urn:dev:id:QDZc2QeJ'}
---------Send Data---------
[{'n':'Gcode','v':'G01 X1 y2'}]
QDZc2QeJ
Found details
{'e':[{'n':'Gcode','v':'G01_X1_y2'}],'bn':'urn:dev:id:QDZc2QeJ'}
---------Send Data---------
[{'n':'Gcode','v':'G0 X1 Y2'}]
QDZc2QeJ
Found details
{'e':[{'n':'Gcode','v':'G0_X1_Y2'}],'bn':'urn:dev:id:QDZc2QeJ'}
---------Send Data---------
[{'n':'Gcode','v':'G01 X1 Y2'}]
QDZc2QeJ
Found details
{'e':[{'n':'Gcode','v':'G01_X1_Y2'}],'bn':'urn:dev:id:QDZc2QeJ'}
---------Send Data---------
[{'n':'Gcode','v':'G1 X1 Y2'}]
QDZc2QeJ
Found details
{'e':[{'n':'Gcode','v':'G1_X1_Y2'}],'bn':'urn:dev:id:QDZc2QeJ'}
---------Send Data---------
[{'n':'Gcode','v':'G1 X1'}]
QDZc2QeJ
Found details
{'e':[{'n':'Gcode','v':'G1_X1'}],'bn':'urn:dev:id:QDZc2QeJ'}
---------Send Data---------
[{'n':'Gcode','v':'G01 X1'}]
QDZc2QeJ
Found details
{'e':[{'n':'Gcode','v':'G01_X1'}],'bn':'urn:dev:id:QDZc2QeJ'}
--------Message Received on CH=1-------
{"e":[{"n":"Gcode","u":"G"},{"n":"Resp","u":"String"}],"bn":["urn:dev:type:ardRF24CNC","urn:dev:mac:123mac3me56","trans:id:478"],"ver":"1"}
Register data received
Json Parts!
Found details QDZc2QeJ
--------Message Received on CH=1-------
{"e":[{"n":"Gcode","u":"G"},{"n":"Resp","u":"String"}],"bn":["urn:dev:type:ardRF24CNC","urn:dev:mac:123mac3me56","trans:id:478"],"ver":"1"}
Register data received
Json Parts!
Found details QDZc2QeJ
---------Send Data---------
[{'n':'Gcode','v':'G01 X1'}]
QDZc2QeJ
Found details
{'e':[{'n':'Gcode','v':'G01_X1'}],'bn':'urn:dev:id:QDZc2QeJ'}
--------Message Received on CH=1-------
{"e":[{"n":"Resp","v":"ok"}],"bn":"urn:dev:id:QDZc2QeJ"}
Normal data received
QDZc2QeJ
[{'v':'ok','n':'Resp'}]
Keyboard baby
Exiting Main Thread
RF24 Radio started: 12:52:19 11/23/16 UTC
Keyboard baby
Exiting Main Thread
RF24 Radio started: 13:02:47 11/28/16 UTC
RF24 Radio started: 13:03:55 11/28/16 UTC
Keyboard baby
Exiting Main Thread
RF24 Radio started: 13:05:24 11/28/16 UTC
RF24 Radio started: 13:07:08 11/28/16 UTC
Keyboard baby
Exiting Main Thread
RF24 Radio started: 13:08:53 11/28/16 UTC
---------Send Data---------
[{'n':'Gcode','v':'G01 X1 Y2'}]
MwZKeWmQ
Data received for non existent Dev
--------Message Received on CH=1-------
{"e":[{"n":"Gcode","u":"G"},{"n43"],"ver":"1"}
Value Erro, probs something stupid happened
--------Message Received on CH=1-------
{"e":[{"n":"Gcode","u":"G"},{"n":"Resp","u":"String"}],"bn":["ev:mac:123mac3me56","trans:id:664"],"ver":"1"}
Register data received
Index Error, probs something stupid happened
--------Message Received on CH=1-------
{"e":[{"n":"Gcode","u":"G"},{"n":"Resp","u":"String"}],"bn":["urn:dev:type:ardRF24CNC","urn:dev:mac:123mac3me56","trans:id:473"],"ver":"1"}
Register data received
Json Parts!
Found details Q
--------Message Received on CH=1-------
{"e":[{"n":"Gcode","u":"G"},{"n":"Resp","u":"String"}],"bn":["urn:dev:type:ardRF24CNC","urn:dev:mac:123mac3me56","trans:id:473"],"ver":"1"}{"e":[{"n":"Gcode","u":"G"},{"n":"Resp","u":"String"}],"bn":["urn:dev:type:ardRF24CNC","urn:dev:mac:123mac3me56","trans:id:608"],"ver":"1"}
Value Erro, probs something stupid happened
--------Message Received on CH=1-------
{"e":[{"n":"Gcode","u":"G"},{"n":"Resp","u":"String"}],"bn":["urn:dev:type:ardRF24CNC","urn:dev:mac:123mac3me56","trans:id:304"],"ver":"1"}
Register data received
Json Parts!
Found details Q
--------Message Received on CH=1-------
{"e":[{"n":"Gcode","u":"G"},{"n":"Resp","u":"String"}],"bn":["urn:dev:type:ardRF24CNC","urn:dev:mac:123mac3me56","trans:id:304"],"ver":"1"}{"e":[{"n":"Gcode","u":"G"},{"n":"Resp","u":"String"}],"bn":["urn:dev:type:ardRF24CNC","urn:dev:mac:123mac3me56","trans:id:1013"],"ver":"1"}
Value Erro, probs something stupid happened
--------Message Received on CH=1-------
{"e":[{"n":"Gcode","u":"G"},{"n":"Resp","u":"String"}],"bn":["urn:dev:type:ardRF24CNC","urn:dev:mac:123mac3me56","trans:id:651"],"ver":"1"}
Register data received
Json Parts!
Found details Q
Keyboard baby
Exiting Main Thread
RF24 Radio started: 13:11:55 11/28/16 UTC
Wrong Start to msg delete rest
Wrong Start to msg delete rest
Wrong Start to msg delete rest
--------Message Received on CH=1-------
{"e":[{"n":"Gcode","u":"G"},{"nurn:dev:type:ardRF24CNC","urn:d86"],"ver":"1"}
Value Erro, probs something stupid happened
--------Message Received on CH=1-------
{"e":[{"n":"Gcode","u":"G"},{"n":"Resp","u":"String"}],"bn":["urn:dev:type:ardRF24CNC","urn:dev:mac:123mac3me56","trans:id:378"],"ver":"1"}
Register data received
Json Parts!
Found details QDZc2QeJ
---------Send Data---------
[{'n':'Gcode','v':'G01 X1 Y2'}]
QDZc2QeJ
Found details
{'e':[{'n':'Gcode','v':'G01_X1_Y2'}],'bn':'urn:dev:id:QDZc2QeJ'}
--------Message Received on CH=1-------
{"e":[{"n":"Resp","v":"ok"}],"bn":"urn:dev:id:QDZc2QeJ"}
Normal data received
QDZc2QeJ
[{'v':'ok','n':'Resp'}]
Keyboard baby
Exiting Main Thread
