Bluetooth Radio started: 15:19:42 11/16/16 UTC
Working Deviecs
[]
found 2 devices
Dev: 6C:40:08:E6:90:CB - EC Mini iPad 1 
Dev: AC:72:89:FC:4A:BC - NANDOR-PC 
Started Server Thread
Waiting for connection on RFCOMM channel 1
Keyboard baby
Exiting Main Thread
Exiting Server
Bluetooth Radio started: 15:20:45 11/16/16 UTC
Working Deviecs
[]
found 2 devices
Dev: AC:72:89:FC:4A:BC - NANDOR-PC 
Dev: 6C:40:08:E6:90:CB - EC Mini iPad 1 
Started Server Thread
Waiting for connection on RFCOMM channel 1
Keyboard baby
Exiting Main Thread
Exiting Server
Bluetooth Radio started: 15:23:55 11/16/16 UTC
Bluetooth Radio started: 15:24:10 11/16/16 UTC
Bluetooth Radio started: 15:24:16 11/16/16 UTC
Bluetooth Radio started: 15:24:30 11/16/16 UTC
raspberrypi_client
Working Deviecs
[]
Bluetooth Radio started: 15:26:04 11/16/16 UTC
Bluetooth Radio started: 15:26:25 11/16/16 UTC
Bluetooth Radio started: 15:26:51 11/16/16 UTC
['NAN-BLU', 'raspberrypi_client', 'Nandor-PC']
Working Deviecs
[]
found 1 devices
Dev: 6C:40:08:E6:90:CB - EC Mini iPad 1 
Started Server Thread
Waiting for connection on RFCOMM channel 1
Keyboard baby
Exiting Main Thread
Exiting Server
