!SESSION 2016-04-05 13:53:06.842 -----------------------------------------------
eclipse.buildId=unknown
java.version=1.7.0_80
java.vendor=Oracle Corporation
BootLoader constants: OS=win32, ARCH=x86_64, WS=win32, NL=en_US
Command-line arguments:  -dev file:C:/Users/Nandor/workspace/.metadata/.plugins/org.eclipse.pde.core/Hello World Bundle/dev.properties -os win32 -ws win32 -arch x86_64 -consoleLog -console

!ENTRY org.eclipse.equinox.http.jetty 4 0 2016-04-05 13:53:14.760
!MESSAGE FrameworkEvent ERROR
!STACK 0
org.osgi.framework.BundleException: Exception in org.eclipse.equinox.http.jetty.internal.Activator.start() of bundle org.eclipse.equinox.http.jetty.
	at org.eclipse.osgi.framework.internal.core.BundleContextImpl.startActivator(BundleContextImpl.java:734)
	at org.eclipse.osgi.framework.internal.core.BundleContextImpl.start(BundleContextImpl.java:683)
	at org.eclipse.osgi.framework.internal.core.BundleHost.startWorker(BundleHost.java:381)
	at org.eclipse.osgi.framework.internal.core.AbstractBundle.resume(AbstractBundle.java:390)
	at org.eclipse.osgi.framework.internal.core.Framework.resumeBundle(Framework.java:1176)
	at org.eclipse.osgi.framework.internal.core.StartLevelManager.resumeBundles(StartLevelManager.java:559)
	at org.eclipse.osgi.framework.internal.core.StartLevelManager.resumeBundles(StartLevelManager.java:544)
	at org.eclipse.osgi.framework.internal.core.StartLevelManager.incFWSL(StartLevelManager.java:457)
	at org.eclipse.osgi.framework.internal.core.StartLevelManager.doSetStartLevel(StartLevelManager.java:243)
	at org.eclipse.osgi.framework.internal.core.StartLevelManager.dispatchEvent(StartLevelManager.java:438)
	at org.eclipse.osgi.framework.internal.core.StartLevelManager.dispatchEvent(StartLevelManager.java:1)
	at org.eclipse.osgi.framework.eventmgr.EventManager.dispatchEvent(EventManager.java:230)
	at org.eclipse.osgi.framework.eventmgr.EventManager$EventThread.run(EventManager.java:340)
Caused by: org.osgi.service.cm.ConfigurationException: default : Address already in use: bind
	at org.eclipse.equinox.http.jetty.internal.HttpServerManager.updated(HttpServerManager.java:115)
	at org.eclipse.equinox.http.jetty.internal.Activator.start(Activator.java:62)
	at org.eclipse.osgi.framework.internal.core.BundleContextImpl$1.run(BundleContextImpl.java:711)
	at java.security.AccessController.doPrivileged(Native Method)
	at org.eclipse.osgi.framework.internal.core.BundleContextImpl.startActivator(BundleContextImpl.java:702)
	... 12 more
Caused by: java.net.BindException: Address already in use: bind
	at sun.nio.ch.Net.bind0(Native Method)
	at sun.nio.ch.Net.bind(Net.java:463)
	at sun.nio.ch.Net.bind(Net.java:455)
	at sun.nio.ch.ServerSocketChannelImpl.bind(ServerSocketChannelImpl.java:223)
	at sun.nio.ch.ServerSocketAdaptor.bind(ServerSocketAdaptor.java:74)
	at org.eclipse.jetty.server.nio.SelectChannelConnector.open(SelectChannelConnector.java:187)
	at org.eclipse.jetty.server.AbstractConnector.doStart(AbstractConnector.java:316)
	at org.eclipse.jetty.server.nio.SelectChannelConnector.doStart(SelectChannelConnector.java:265)
	at org.eclipse.jetty.util.component.AbstractLifeCycle.start(AbstractLifeCycle.java:64)
	at org.eclipse.jetty.server.Server.doStart(Server.java:293)
	at org.eclipse.jetty.util.component.AbstractLifeCycle.start(AbstractLifeCycle.java:64)
	at org.eclipse.equinox.http.jetty.internal.HttpServerManager.updated(HttpServerManager.java:113)
	... 16 more
Root exception:
org.osgi.service.cm.ConfigurationException: default : Address already in use: bind
	at org.eclipse.equinox.http.jetty.internal.HttpServerManager.updated(HttpServerManager.java:115)
	at org.eclipse.equinox.http.jetty.internal.Activator.start(Activator.java:62)
	at org.eclipse.osgi.framework.internal.core.BundleContextImpl$1.run(BundleContextImpl.java:711)
	at java.security.AccessController.doPrivileged(Native Method)
	at org.eclipse.osgi.framework.internal.core.BundleContextImpl.startActivator(BundleContextImpl.java:702)
	at org.eclipse.osgi.framework.internal.core.BundleContextImpl.start(BundleContextImpl.java:683)
	at org.eclipse.osgi.framework.internal.core.BundleHost.startWorker(BundleHost.java:381)
	at org.eclipse.osgi.framework.internal.core.AbstractBundle.resume(AbstractBundle.java:390)
	at org.eclipse.osgi.framework.internal.core.Framework.resumeBundle(Framework.java:1176)
	at org.eclipse.osgi.framework.internal.core.StartLevelManager.resumeBundles(StartLevelManager.java:559)
	at org.eclipse.osgi.framework.internal.core.StartLevelManager.resumeBundles(StartLevelManager.java:544)
	at org.eclipse.osgi.framework.internal.core.StartLevelManager.incFWSL(StartLevelManager.java:457)
	at org.eclipse.osgi.framework.internal.core.StartLevelManager.doSetStartLevel(StartLevelManager.java:243)
	at org.eclipse.osgi.framework.internal.core.StartLevelManager.dispatchEvent(StartLevelManager.java:438)
	at org.eclipse.osgi.framework.internal.core.StartLevelManager.dispatchEvent(StartLevelManager.java:1)
	at org.eclipse.osgi.framework.eventmgr.EventManager.dispatchEvent(EventManager.java:230)
	at org.eclipse.osgi.framework.eventmgr.EventManager$EventThread.run(EventManager.java:340)
Caused by: java.net.BindException: Address already in use: bind
	at sun.nio.ch.Net.bind0(Native Method)
	at sun.nio.ch.Net.bind(Net.java:463)
	at sun.nio.ch.Net.bind(Net.java:455)
	at sun.nio.ch.ServerSocketChannelImpl.bind(ServerSocketChannelImpl.java:223)
	at sun.nio.ch.ServerSocketAdaptor.bind(ServerSocketAdaptor.java:74)
	at org.eclipse.jetty.server.nio.SelectChannelConnector.open(SelectChannelConnector.java:187)
	at org.eclipse.jetty.server.AbstractConnector.doStart(AbstractConnector.java:316)
	at org.eclipse.jetty.server.nio.SelectChannelConnector.doStart(SelectChannelConnector.java:265)
	at org.eclipse.jetty.util.component.AbstractLifeCycle.start(AbstractLifeCycle.java:64)
	at org.eclipse.jetty.server.Server.doStart(Server.java:293)
	at org.eclipse.jetty.util.component.AbstractLifeCycle.start(AbstractLifeCycle.java:64)
	at org.eclipse.equinox.http.jetty.internal.HttpServerManager.updated(HttpServerManager.java:113)
	... 16 more

!ENTRY org.eclipse.equinox.p2.ui 4 0 2016-04-05 13:53:23.528
!MESSAGE FrameworkEvent ERROR
!STACK 0
org.osgi.framework.BundleException: The bundle "org.eclipse.equinox.p2.ui_2.3.0.v20131209-2052 [70]" could not be resolved. Reason: Missing Constraint: Require-Bundle: org.eclipse.ui; bundle-version="3.6.0"
	at org.eclipse.osgi.framework.internal.core.AbstractBundle.getResolverError(AbstractBundle.java:1332)
	at org.eclipse.osgi.framework.internal.core.AbstractBundle.getResolutionFailureException(AbstractBundle.java:1316)
	at org.eclipse.osgi.framework.internal.core.BundleHost.startWorker(BundleHost.java:323)
	at org.eclipse.osgi.framework.internal.core.AbstractBundle.resume(AbstractBundle.java:390)
	at org.eclipse.osgi.framework.internal.core.Framework.resumeBundle(Framework.java:1176)
	at org.eclipse.osgi.framework.internal.core.StartLevelManager.resumeBundles(StartLevelManager.java:559)
	at org.eclipse.osgi.framework.internal.core.StartLevelManager.resumeBundles(StartLevelManager.java:544)
	at org.eclipse.osgi.framework.internal.core.StartLevelManager.incFWSL(StartLevelManager.java:457)
	at org.eclipse.osgi.framework.internal.core.StartLevelManager.doSetStartLevel(StartLevelManager.java:243)
	at org.eclipse.osgi.framework.internal.core.StartLevelManager.dispatchEvent(StartLevelManager.java:438)
	at org.eclipse.osgi.framework.internal.core.StartLevelManager.dispatchEvent(StartLevelManager.java:1)
	at org.eclipse.osgi.framework.eventmgr.EventManager.dispatchEvent(EventManager.java:230)
	at org.eclipse.osgi.framework.eventmgr.EventManager$EventThread.run(EventManager.java:340)

!ENTRY org.eclipse.equinox.p2.ui.discovery 4 0 2016-04-05 13:53:23.549
!MESSAGE FrameworkEvent ERROR
!STACK 0
org.osgi.framework.BundleException: The bundle "org.eclipse.equinox.p2.ui.discovery_1.0.0.v20130502-0334 [71]" could not be resolved. Reason: Missing Constraint: Require-Bundle: org.eclipse.ui; bundle-version="0.0.0"
	at org.eclipse.osgi.framework.internal.core.AbstractBundle.getResolverError(AbstractBundle.java:1332)
	at org.eclipse.osgi.framework.internal.core.AbstractBundle.getResolutionFailureException(AbstractBundle.java:1316)
	at org.eclipse.osgi.framework.internal.core.BundleHost.startWorker(BundleHost.java:323)
	at org.eclipse.osgi.framework.internal.core.AbstractBundle.resume(AbstractBundle.java:390)
	at org.eclipse.osgi.framework.internal.core.Framework.resumeBundle(Framework.java:1176)
	at org.eclipse.osgi.framework.internal.core.StartLevelManager.resumeBundles(StartLevelManager.java:559)
	at org.eclipse.osgi.framework.internal.core.StartLevelManager.resumeBundles(StartLevelManager.java:544)
	at org.eclipse.osgi.framework.internal.core.StartLevelManager.incFWSL(StartLevelManager.java:457)
	at org.eclipse.osgi.framework.internal.core.StartLevelManager.doSetStartLevel(StartLevelManager.java:243)
	at org.eclipse.osgi.framework.internal.core.StartLevelManager.dispatchEvent(StartLevelManager.java:438)
	at org.eclipse.osgi.framework.internal.core.StartLevelManager.dispatchEvent(StartLevelManager.java:1)
	at org.eclipse.osgi.framework.eventmgr.EventManager.dispatchEvent(EventManager.java:230)
	at org.eclipse.osgi.framework.eventmgr.EventManager$EventThread.run(EventManager.java:340)

!ENTRY org.eclipse.equinox.p2.ui.importexport 4 0 2016-04-05 13:53:23.557
!MESSAGE FrameworkEvent ERROR
!STACK 0
org.osgi.framework.BundleException: The bundle "org.eclipse.equinox.p2.ui.importexport_1.1.0.v20131209-2052 [72]" could not be resolved. Reason: Missing Constraint: Require-Bundle: org.eclipse.ui; bundle-version="0.0.0"
	at org.eclipse.osgi.framework.internal.core.AbstractBundle.getResolverError(AbstractBundle.java:1332)
	at org.eclipse.osgi.framework.internal.core.AbstractBundle.getResolutionFailureException(AbstractBundle.java:1316)
	at org.eclipse.osgi.framework.internal.core.BundleHost.startWorker(BundleHost.java:323)
	at org.eclipse.osgi.framework.internal.core.AbstractBundle.resume(AbstractBundle.java:390)
	at org.eclipse.osgi.framework.internal.core.Framework.resumeBundle(Framework.java:1176)
	at org.eclipse.osgi.framework.internal.core.StartLevelManager.resumeBundles(StartLevelManager.java:559)
	at org.eclipse.osgi.framework.internal.core.StartLevelManager.resumeBundles(StartLevelManager.java:544)
	at org.eclipse.osgi.framework.internal.core.StartLevelManager.incFWSL(StartLevelManager.java:457)
	at org.eclipse.osgi.framework.internal.core.StartLevelManager.doSetStartLevel(StartLevelManager.java:243)
	at org.eclipse.osgi.framework.internal.core.StartLevelManager.dispatchEvent(StartLevelManager.java:438)
	at org.eclipse.osgi.framework.internal.core.StartLevelManager.dispatchEvent(StartLevelManager.java:1)
	at org.eclipse.osgi.framework.eventmgr.EventManager.dispatchEvent(EventManager.java:230)
	at org.eclipse.osgi.framework.eventmgr.EventManager$EventThread.run(EventManager.java:340)

!ENTRY org.eclipse.equinox.p2.ui.sdk 4 0 2016-04-05 13:53:23.570
!MESSAGE FrameworkEvent ERROR
!STACK 0
org.osgi.framework.BundleException: The bundle "org.eclipse.equinox.p2.ui.sdk_1.0.300.v20130503-1750 [73]" could not be resolved. Reason: Missing Constraint: Require-Bundle: org.eclipse.ui; bundle-version="3.6.0"
	at org.eclipse.osgi.framework.internal.core.AbstractBundle.getResolverError(AbstractBundle.java:1332)
	at org.eclipse.osgi.framework.internal.core.AbstractBundle.getResolutionFailureException(AbstractBundle.java:1316)
	at org.eclipse.osgi.framework.internal.core.BundleHost.startWorker(BundleHost.java:323)
	at org.eclipse.osgi.framework.internal.core.AbstractBundle.resume(AbstractBundle.java:390)
	at org.eclipse.osgi.framework.internal.core.Framework.resumeBundle(Framework.java:1176)
	at org.eclipse.osgi.framework.internal.core.StartLevelManager.resumeBundles(StartLevelManager.java:559)
	at org.eclipse.osgi.framework.internal.core.StartLevelManager.resumeBundles(StartLevelManager.java:544)
	at org.eclipse.osgi.framework.internal.core.StartLevelManager.incFWSL(StartLevelManager.java:457)
	at org.eclipse.osgi.framework.internal.core.StartLevelManager.doSetStartLevel(StartLevelManager.java:243)
	at org.eclipse.osgi.framework.internal.core.StartLevelManager.dispatchEvent(StartLevelManager.java:438)
	at org.eclipse.osgi.framework.internal.core.StartLevelManager.dispatchEvent(StartLevelManager.java:1)
	at org.eclipse.osgi.framework.eventmgr.EventManager.dispatchEvent(EventManager.java:230)
	at org.eclipse.osgi.framework.eventmgr.EventManager$EventThread.run(EventManager.java:340)

!ENTRY org.eclipse.equinox.p2.ui.sdk.scheduler 4 0 2016-04-05 13:53:23.593
!MESSAGE FrameworkEvent ERROR
!STACK 0
org.osgi.framework.BundleException: The bundle "org.eclipse.equinox.p2.ui.sdk.scheduler_1.2.0.v20140122-1840 [74]" could not be resolved. Reason: Missing Constraint: Require-Bundle: org.eclipse.ui; bundle-version="0.0.0"
	at org.eclipse.osgi.framework.internal.core.AbstractBundle.getResolverError(AbstractBundle.java:1332)
	at org.eclipse.osgi.framework.internal.core.AbstractBundle.getResolutionFailureException(AbstractBundle.java:1316)
	at org.eclipse.osgi.framework.internal.core.BundleHost.startWorker(BundleHost.java:323)
	at org.eclipse.osgi.framework.internal.core.AbstractBundle.resume(AbstractBundle.java:390)
	at org.eclipse.osgi.framework.internal.core.Framework.resumeBundle(Framework.java:1176)
	at org.eclipse.osgi.framework.internal.core.StartLevelManager.resumeBundles(StartLevelManager.java:559)
	at org.eclipse.osgi.framework.internal.core.StartLevelManager.resumeBundles(StartLevelManager.java:544)
	at org.eclipse.osgi.framework.internal.core.StartLevelManager.incFWSL(StartLevelManager.java:457)
	at org.eclipse.osgi.framework.internal.core.StartLevelManager.doSetStartLevel(StartLevelManager.java:243)
	at org.eclipse.osgi.framework.internal.core.StartLevelManager.dispatchEvent(StartLevelManager.java:438)
	at org.eclipse.osgi.framework.internal.core.StartLevelManager.dispatchEvent(StartLevelManager.java:1)
	at org.eclipse.osgi.framework.eventmgr.EventManager.dispatchEvent(EventManager.java:230)
	at org.eclipse.osgi.framework.eventmgr.EventManager$EventThread.run(EventManager.java:340)

!ENTRY org.eclipse.equinox.security.ui 4 0 2016-04-05 13:53:23.611
!MESSAGE FrameworkEvent ERROR
!STACK 0
org.osgi.framework.BundleException: The bundle "org.eclipse.equinox.security.ui_1.1.100.v20130327-1442 [80]" could not be resolved. Reason: Missing Constraint: Require-Bundle: org.eclipse.ui; bundle-version="[3.4.0,4.0.0)"
	at org.eclipse.osgi.framework.internal.core.AbstractBundle.getResolverError(AbstractBundle.java:1332)
	at org.eclipse.osgi.framework.internal.core.AbstractBundle.getResolutionFailureException(AbstractBundle.java:1316)
	at org.eclipse.osgi.framework.internal.core.BundleHost.startWorker(BundleHost.java:323)
	at org.eclipse.osgi.framework.internal.core.AbstractBundle.resume(AbstractBundle.java:390)
	at org.eclipse.osgi.framework.internal.core.Framework.resumeBundle(Framework.java:1176)
	at org.eclipse.osgi.framework.internal.core.StartLevelManager.resumeBundles(StartLevelManager.java:559)
	at org.eclipse.osgi.framework.internal.core.StartLevelManager.resumeBundles(StartLevelManager.java:544)
	at org.eclipse.osgi.framework.internal.core.StartLevelManager.incFWSL(StartLevelManager.java:457)
	at org.eclipse.osgi.framework.internal.core.StartLevelManager.doSetStartLevel(StartLevelManager.java:243)
	at org.eclipse.osgi.framework.internal.core.StartLevelManager.dispatchEvent(StartLevelManager.java:438)
	at org.eclipse.osgi.framework.internal.core.StartLevelManager.dispatchEvent(StartLevelManager.java:1)
	at org.eclipse.osgi.framework.eventmgr.EventManager.dispatchEvent(EventManager.java:230)
	at org.eclipse.osgi.framework.eventmgr.EventManager$EventThread.run(EventManager.java:340)

!ENTRY org.eclipse.equinox.http.jetty 4 0 2016-04-05 13:53:23.792
!MESSAGE FrameworkEvent ERROR
!STACK 0
org.osgi.framework.BundleException: Exception in org.eclipse.equinox.http.jetty.internal.Activator.start() of bundle org.eclipse.equinox.http.jetty.
	at org.eclipse.osgi.framework.internal.core.BundleContextImpl.startActivator(BundleContextImpl.java:734)
	at org.eclipse.osgi.framework.internal.core.BundleContextImpl.start(BundleContextImpl.java:683)
	at org.eclipse.osgi.framework.internal.core.BundleHost.startWorker(BundleHost.java:381)
	at org.eclipse.osgi.framework.internal.core.AbstractBundle.resume(AbstractBundle.java:390)
	at org.eclipse.osgi.framework.internal.core.Framework.resumeBundle(Framework.java:1176)
	at org.eclipse.osgi.framework.internal.core.StartLevelManager.setBundleSL(StartLevelManager.java:670)
	at org.eclipse.osgi.framework.internal.core.StartLevelManager.dispatchEvent(StartLevelManager.java:435)
	at org.eclipse.osgi.framework.internal.core.StartLevelManager.dispatchEvent(StartLevelManager.java:1)
	at org.eclipse.osgi.framework.eventmgr.EventManager.dispatchEvent(EventManager.java:230)
	at org.eclipse.osgi.framework.eventmgr.EventManager$EventThread.run(EventManager.java:340)
Caused by: org.osgi.service.cm.ConfigurationException: default : Address already in use: bind
	at org.eclipse.equinox.http.jetty.internal.HttpServerManager.updated(HttpServerManager.java:115)
	at org.eclipse.equinox.http.jetty.internal.Activator.start(Activator.java:62)
	at org.eclipse.osgi.framework.internal.core.BundleContextImpl$1.run(BundleContextImpl.java:711)
	at java.security.AccessController.doPrivileged(Native Method)
	at org.eclipse.osgi.framework.internal.core.BundleContextImpl.startActivator(BundleContextImpl.java:702)
	... 9 more
Caused by: java.net.BindException: Address already in use: bind
	at sun.nio.ch.Net.bind0(Native Method)
	at sun.nio.ch.Net.bind(Net.java:463)
	at sun.nio.ch.Net.bind(Net.java:455)
	at sun.nio.ch.ServerSocketChannelImpl.bind(ServerSocketChannelImpl.java:223)
	at sun.nio.ch.ServerSocketAdaptor.bind(ServerSocketAdaptor.java:74)
	at org.eclipse.jetty.server.nio.SelectChannelConnector.open(SelectChannelConnector.java:187)
	at org.eclipse.jetty.server.AbstractConnector.doStart(AbstractConnector.java:316)
	at org.eclipse.jetty.server.nio.SelectChannelConnector.doStart(SelectChannelConnector.java:265)
	at org.eclipse.jetty.util.component.AbstractLifeCycle.start(AbstractLifeCycle.java:64)
	at org.eclipse.jetty.server.Server.doStart(Server.java:293)
	at org.eclipse.jetty.util.component.AbstractLifeCycle.start(AbstractLifeCycle.java:64)
	at org.eclipse.equinox.http.jetty.internal.HttpServerManager.updated(HttpServerManager.java:113)
	... 13 more
Root exception:
org.osgi.service.cm.ConfigurationException: default : Address already in use: bind
	at org.eclipse.equinox.http.jetty.internal.HttpServerManager.updated(HttpServerManager.java:115)
	at org.eclipse.equinox.http.jetty.internal.Activator.start(Activator.java:62)
	at org.eclipse.osgi.framework.internal.core.BundleContextImpl$1.run(BundleContextImpl.java:711)
	at java.security.AccessController.doPrivileged(Native Method)
	at org.eclipse.osgi.framework.internal.core.BundleContextImpl.startActivator(BundleContextImpl.java:702)
	at org.eclipse.osgi.framework.internal.core.BundleContextImpl.start(BundleContextImpl.java:683)
	at org.eclipse.osgi.framework.internal.core.BundleHost.startWorker(BundleHost.java:381)
	at org.eclipse.osgi.framework.internal.core.AbstractBundle.resume(AbstractBundle.java:390)
	at org.eclipse.osgi.framework.internal.core.Framework.resumeBundle(Framework.java:1176)
	at org.eclipse.osgi.framework.internal.core.StartLevelManager.setBundleSL(StartLevelManager.java:670)
	at org.eclipse.osgi.framework.internal.core.StartLevelManager.dispatchEvent(StartLevelManager.java:435)
	at org.eclipse.osgi.framework.internal.core.StartLevelManager.dispatchEvent(StartLevelManager.java:1)
	at org.eclipse.osgi.framework.eventmgr.EventManager.dispatchEvent(EventManager.java:230)
	at org.eclipse.osgi.framework.eventmgr.EventManager$EventThread.run(EventManager.java:340)
Caused by: java.net.BindException: Address already in use: bind
	at sun.nio.ch.Net.bind0(Native Method)
	at sun.nio.ch.Net.bind(Net.java:463)
	at sun.nio.ch.Net.bind(Net.java:455)
	at sun.nio.ch.ServerSocketChannelImpl.bind(ServerSocketChannelImpl.java:223)
	at sun.nio.ch.ServerSocketAdaptor.bind(ServerSocketAdaptor.java:74)
	at org.eclipse.jetty.server.nio.SelectChannelConnector.open(SelectChannelConnector.java:187)
	at org.eclipse.jetty.server.AbstractConnector.doStart(AbstractConnector.java:316)
	at org.eclipse.jetty.server.nio.SelectChannelConnector.doStart(SelectChannelConnector.java:265)
	at org.eclipse.jetty.util.component.AbstractLifeCycle.start(AbstractLifeCycle.java:64)
	at org.eclipse.jetty.server.Server.doStart(Server.java:293)
	at org.eclipse.jetty.util.component.AbstractLifeCycle.start(AbstractLifeCycle.java:64)
	at org.eclipse.equinox.http.jetty.internal.HttpServerManager.updated(HttpServerManager.java:113)
	... 13 more

!ENTRY org.eclipse.equinox.p2.ui 4 0 2016-04-05 13:53:23.806
!MESSAGE FrameworkEvent ERROR
!STACK 0
org.osgi.framework.BundleException: The bundle "org.eclipse.equinox.p2.ui_2.3.0.v20131209-2052 [70]" could not be resolved. Reason: Missing Constraint: Require-Bundle: org.eclipse.ui; bundle-version="3.6.0"
	at org.eclipse.osgi.framework.internal.core.AbstractBundle.getResolverError(AbstractBundle.java:1332)
	at org.eclipse.osgi.framework.internal.core.AbstractBundle.getResolutionFailureException(AbstractBundle.java:1316)
	at org.eclipse.osgi.framework.internal.core.BundleHost.startWorker(BundleHost.java:323)
	at org.eclipse.osgi.framework.internal.core.AbstractBundle.resume(AbstractBundle.java:390)
	at org.eclipse.osgi.framework.internal.core.Framework.resumeBundle(Framework.java:1176)
	at org.eclipse.osgi.framework.internal.core.StartLevelManager.setBundleSL(StartLevelManager.java:670)
	at org.eclipse.osgi.framework.internal.core.StartLevelManager.dispatchEvent(StartLevelManager.java:435)
	at org.eclipse.osgi.framework.internal.core.StartLevelManager.dispatchEvent(StartLevelManager.java:1)
	at org.eclipse.osgi.framework.eventmgr.EventManager.dispatchEvent(EventManager.java:230)
	at org.eclipse.osgi.framework.eventmgr.EventManager$EventThread.run(EventManager.java:340)

!ENTRY org.eclipse.equinox.p2.ui.discovery 4 0 2016-04-05 13:53:23.821
!MESSAGE FrameworkEvent ERROR
!STACK 0
org.osgi.framework.BundleException: The bundle "org.eclipse.equinox.p2.ui.discovery_1.0.0.v20130502-0334 [71]" could not be resolved. Reason: Missing Constraint: Require-Bundle: org.eclipse.ui; bundle-version="0.0.0"
	at org.eclipse.osgi.framework.internal.core.AbstractBundle.getResolverError(AbstractBundle.java:1332)
	at org.eclipse.osgi.framework.internal.core.AbstractBundle.getResolutionFailureException(AbstractBundle.java:1316)
	at org.eclipse.osgi.framework.internal.core.BundleHost.startWorker(BundleHost.java:323)
	at org.eclipse.osgi.framework.internal.core.AbstractBundle.resume(AbstractBundle.java:390)
	at org.eclipse.osgi.framework.internal.core.Framework.resumeBundle(Framework.java:1176)
	at org.eclipse.osgi.framework.internal.core.StartLevelManager.setBundleSL(StartLevelManager.java:670)
	at org.eclipse.osgi.framework.internal.core.StartLevelManager.dispatchEvent(StartLevelManager.java:435)
	at org.eclipse.osgi.framework.internal.core.StartLevelManager.dispatchEvent(StartLevelManager.java:1)
	at org.eclipse.osgi.framework.eventmgr.EventManager.dispatchEvent(EventManager.java:230)
	at org.eclipse.osgi.framework.eventmgr.EventManager$EventThread.run(EventManager.java:340)

!ENTRY org.eclipse.equinox.p2.ui.importexport 4 0 2016-04-05 13:53:23.835
!MESSAGE FrameworkEvent ERROR
!STACK 0
org.osgi.framework.BundleException: The bundle "org.eclipse.equinox.p2.ui.importexport_1.1.0.v20131209-2052 [72]" could not be resolved. Reason: Missing Constraint: Require-Bundle: org.eclipse.ui; bundle-version="0.0.0"
	at org.eclipse.osgi.framework.internal.core.AbstractBundle.getResolverError(AbstractBundle.java:1332)
	at org.eclipse.osgi.framework.internal.core.AbstractBundle.getResolutionFailureException(AbstractBundle.java:1316)
	at org.eclipse.osgi.framework.internal.core.BundleHost.startWorker(BundleHost.java:323)
	at org.eclipse.osgi.framework.internal.core.AbstractBundle.resume(AbstractBundle.java:390)
	at org.eclipse.osgi.framework.internal.core.Framework.resumeBundle(Framework.java:1176)
	at org.eclipse.osgi.framework.internal.core.StartLevelManager.setBundleSL(StartLevelManager.java:670)
	at org.eclipse.osgi.framework.internal.core.StartLevelManager.dispatchEvent(StartLevelManager.java:435)
	at org.eclipse.osgi.framework.internal.core.StartLevelManager.dispatchEvent(StartLevelManager.java:1)
	at org.eclipse.osgi.framework.eventmgr.EventManager.dispatchEvent(EventManager.java:230)
	at org.eclipse.osgi.framework.eventmgr.EventManager$EventThread.run(EventManager.java:340)

!ENTRY org.eclipse.equinox.p2.ui.sdk 4 0 2016-04-05 13:53:23.845
!MESSAGE FrameworkEvent ERROR
!STACK 0
org.osgi.framework.BundleException: The bundle "org.eclipse.equinox.p2.ui.sdk_1.0.300.v20130503-1750 [73]" could not be resolved. Reason: Missing Constraint: Require-Bundle: org.eclipse.ui; bundle-version="3.6.0"
	at org.eclipse.osgi.framework.internal.core.AbstractBundle.getResolverError(AbstractBundle.java:1332)
	at org.eclipse.osgi.framework.internal.core.AbstractBundle.getResolutionFailureException(AbstractBundle.java:1316)
	at org.eclipse.osgi.framework.internal.core.BundleHost.startWorker(BundleHost.java:323)
	at org.eclipse.osgi.framework.internal.core.AbstractBundle.resume(AbstractBundle.java:390)
	at org.eclipse.osgi.framework.internal.core.Framework.resumeBundle(Framework.java:1176)
	at org.eclipse.osgi.framework.internal.core.StartLevelManager.setBundleSL(StartLevelManager.java:670)
	at org.eclipse.osgi.framework.internal.core.StartLevelManager.dispatchEvent(StartLevelManager.java:435)
	at org.eclipse.osgi.framework.internal.core.StartLevelManager.dispatchEvent(StartLevelManager.java:1)
	at org.eclipse.osgi.framework.eventmgr.EventManager.dispatchEvent(EventManager.java:230)
	at org.eclipse.osgi.framework.eventmgr.EventManager$EventThread.run(EventManager.java:340)

!ENTRY org.eclipse.equinox.p2.ui.sdk.scheduler 4 0 2016-04-05 13:53:23.859
!MESSAGE FrameworkEvent ERROR
!STACK 0
org.osgi.framework.BundleException: The bundle "org.eclipse.equinox.p2.ui.sdk.scheduler_1.2.0.v20140122-1840 [74]" could not be resolved. Reason: Missing Constraint: Require-Bundle: org.eclipse.ui; bundle-version="0.0.0"
	at org.eclipse.osgi.framework.internal.core.AbstractBundle.getResolverError(AbstractBundle.java:1332)
	at org.eclipse.osgi.framework.internal.core.AbstractBundle.getResolutionFailureException(AbstractBundle.java:1316)
	at org.eclipse.osgi.framework.internal.core.BundleHost.startWorker(BundleHost.java:323)
	at org.eclipse.osgi.framework.internal.core.AbstractBundle.resume(AbstractBundle.java:390)
	at org.eclipse.osgi.framework.internal.core.Framework.resumeBundle(Framework.java:1176)
	at org.eclipse.osgi.framework.internal.core.StartLevelManager.setBundleSL(StartLevelManager.java:670)
	at org.eclipse.osgi.framework.internal.core.StartLevelManager.dispatchEvent(StartLevelManager.java:435)
	at org.eclipse.osgi.framework.internal.core.StartLevelManager.dispatchEvent(StartLevelManager.java:1)
	at org.eclipse.osgi.framework.eventmgr.EventManager.dispatchEvent(EventManager.java:230)
	at org.eclipse.osgi.framework.eventmgr.EventManager$EventThread.run(EventManager.java:340)

!ENTRY org.eclipse.equinox.security.ui 4 0 2016-04-05 13:53:23.872
!MESSAGE FrameworkEvent ERROR
!STACK 0
org.osgi.framework.BundleException: The bundle "org.eclipse.equinox.security.ui_1.1.100.v20130327-1442 [80]" could not be resolved. Reason: Missing Constraint: Require-Bundle: org.eclipse.ui; bundle-version="[3.4.0,4.0.0)"
	at org.eclipse.osgi.framework.internal.core.AbstractBundle.getResolverError(AbstractBundle.java:1332)
	at org.eclipse.osgi.framework.internal.core.AbstractBundle.getResolutionFailureException(AbstractBundle.java:1316)
	at org.eclipse.osgi.framework.internal.core.BundleHost.startWorker(BundleHost.java:323)
	at org.eclipse.osgi.framework.internal.core.AbstractBundle.resume(AbstractBundle.java:390)
	at org.eclipse.osgi.framework.internal.core.Framework.resumeBundle(Framework.java:1176)
	at org.eclipse.osgi.framework.internal.core.StartLevelManager.setBundleSL(StartLevelManager.java:670)
	at org.eclipse.osgi.framework.internal.core.StartLevelManager.dispatchEvent(StartLevelManager.java:435)
	at org.eclipse.osgi.framework.internal.core.StartLevelManager.dispatchEvent(StartLevelManager.java:1)
	at org.eclipse.osgi.framework.eventmgr.EventManager.dispatchEvent(EventManager.java:230)
	at org.eclipse.osgi.framework.eventmgr.EventManager$EventThread.run(EventManager.java:340)

!ENTRY org.eclipse.osgi 2 0 2016-04-05 13:53:24.255
!MESSAGE One or more bundles are not resolved because the following root constraints are not resolved:
!SUBENTRY 1 org.eclipse.osgi 2 0 2016-04-05 13:53:24.255
!MESSAGE Bundle reference:file:/C:/Users/Nandor/workspace/.metadata/.plugins/org.eclipse.pde.core/.bundle_pool/plugins/org.eclipse.equinox.security.ui_1.1.100.v20130327-1442.jar was not resolved.
!SUBENTRY 2 org.eclipse.equinox.security.ui 2 0 2016-04-05 13:53:24.256
!MESSAGE Missing required bundle org.eclipse.ui_[3.4.0,4.0.0).
!SUBENTRY 1 org.eclipse.osgi 2 0 2016-04-05 13:53:24.257
!MESSAGE Bundle reference:file:/C:/Users/Nandor/workspace/.metadata/.plugins/org.eclipse.pde.core/.bundle_pool/plugins/org.eclipse.equinox.p2.ui.sdk.scheduler_1.2.0.v20140122-1840.jar was not resolved.
!SUBENTRY 2 org.eclipse.equinox.p2.ui.sdk.scheduler 2 0 2016-04-05 13:53:24.258
!MESSAGE Missing imported package com.ibm.icu.util_4.0.1.
!SUBENTRY 2 org.eclipse.equinox.p2.ui.sdk.scheduler 2 0 2016-04-05 13:53:24.259
!MESSAGE Missing required bundle org.eclipse.ui_0.0.0.
!SUBENTRY 1 org.eclipse.osgi 2 0 2016-04-05 13:53:24.259
!MESSAGE Bundle reference:file:/C:/Users/Nandor/workspace/.metadata/.plugins/org.eclipse.pde.core/.bundle_pool/plugins/org.eclipse.equinox.p2.ui.importexport_1.1.0.v20131209-2052.jar was not resolved.
!SUBENTRY 2 org.eclipse.equinox.p2.ui.importexport 2 0 2016-04-05 13:53:24.260
!MESSAGE Missing required bundle org.eclipse.ui_0.0.0.
!SUBENTRY 2 org.eclipse.equinox.p2.ui.importexport 2 0 2016-04-05 13:53:24.261
!MESSAGE Missing required capability Require-Capability: osgi.ee; filter="(|(&(osgi.ee=JavaSE)(version=1.5))(&(osgi.ee=JavaSE)(version=1.4))(&(osgi.ee=CDC/Foundation)(version=1.1)))".
!SUBENTRY 2 org.eclipse.equinox.p2.ui.importexport 2 0 2016-04-05 13:53:24.262
!MESSAGE Missing required bundle org.eclipse.ui.forms_3.5.0.
!SUBENTRY 1 org.eclipse.osgi 2 0 2016-04-05 13:53:24.263
!MESSAGE Bundle reference:file:/C:/Users/Nandor/workspace/.metadata/.plugins/org.eclipse.pde.core/.bundle_pool/plugins/org.eclipse.equinox.p2.ui_2.3.0.v20131209-2052.jar was not resolved.
!SUBENTRY 2 org.eclipse.equinox.p2.ui 2 0 2016-04-05 13:53:24.263
!MESSAGE Missing required bundle org.eclipse.ui_3.6.0.
!SUBENTRY 2 org.eclipse.equinox.p2.ui 2 0 2016-04-05 13:53:24.264
!MESSAGE Missing imported package com.ibm.icu.text_0.0.0.
!SUBENTRY 2 org.eclipse.equinox.p2.ui 2 0 2016-04-05 13:53:24.265
!MESSAGE Missing required capability Require-Capability: osgi.ee; filter="(|(&(osgi.ee=JavaSE)(version=1.5))(&(osgi.ee=JavaSE)(version=1.4))(&(osgi.ee=CDC/Foundation)(version=1.1)))".
!SUBENTRY 1 org.eclipse.osgi 2 0 2016-04-05 13:53:24.266
!MESSAGE Bundle reference:file:/C:/Users/Nandor/workspace/.metadata/.plugins/org.eclipse.pde.core/.bundle_pool/plugins/org.eclipse.equinox.p2.ui.discovery_1.0.0.v20130502-0334.jar was not resolved.
!SUBENTRY 2 org.eclipse.equinox.p2.ui.discovery 2 0 2016-04-05 13:53:24.267
!MESSAGE Missing imported package com.ibm.icu.text_0.0.0.
!SUBENTRY 2 org.eclipse.equinox.p2.ui.discovery 2 0 2016-04-05 13:53:24.267
!MESSAGE Missing required bundle org.eclipse.ui.browser_0.0.0.
!SUBENTRY 2 org.eclipse.equinox.p2.ui.discovery 2 0 2016-04-05 13:53:24.268
!MESSAGE Missing required bundle org.eclipse.ui_0.0.0.
!SUBENTRY 1 org.eclipse.osgi 2 0 2016-04-05 13:53:24.269
!MESSAGE Bundle reference:file:/C:/Users/Nandor/workspace/.metadata/.plugins/org.eclipse.pde.core/.bundle_pool/plugins/org.eclipse.equinox.p2.ui.sdk_1.0.300.v20130503-1750.jar was not resolved.
!SUBENTRY 2 org.eclipse.equinox.p2.ui.sdk 2 0 2016-04-05 13:53:24.270
!MESSAGE Missing required bundle org.eclipse.ui_3.6.0.
!SUBENTRY 2 org.eclipse.equinox.p2.ui.sdk 2 0 2016-04-05 13:53:24.271
!MESSAGE Missing required capability Require-Capability: osgi.ee; filter="(|(&(osgi.ee=JavaSE)(version=1.5))(&(osgi.ee=JavaSE)(version=1.4))(&(osgi.ee=CDC/Foundation)(version=1.1)))".

!ENTRY org.eclipse.osgi 2 0 2016-04-05 13:53:24.351
!MESSAGE The following is a complete list of bundles which are not resolved, see the prior log entry for the root cause if it exists:
!SUBENTRY 1 org.eclipse.osgi 2 0 2016-04-05 13:53:24.352
!MESSAGE Bundle org.eclipse.equinox.p2.ui_2.3.0.v20131209-2052 [70] was not resolved.
!SUBENTRY 2 org.eclipse.equinox.p2.ui 2 0 2016-04-05 13:53:24.352
!MESSAGE Missing required bundle org.eclipse.ui_3.6.0.
!SUBENTRY 2 org.eclipse.equinox.p2.ui 2 0 2016-04-05 13:53:24.353
!MESSAGE Missing required bundle org.eclipse.equinox.security.ui_[1.0.0,2.0.0).
!SUBENTRY 2 org.eclipse.equinox.p2.ui 2 0 2016-04-05 13:53:24.354
!MESSAGE Missing imported package com.ibm.icu.text_0.0.0.
!SUBENTRY 2 org.eclipse.equinox.p2.ui 2 0 2016-04-05 13:53:24.355
!MESSAGE Missing required capability Require-Capability: osgi.ee; filter="(|(&(osgi.ee=JavaSE)(version=1.5))(&(osgi.ee=JavaSE)(version=1.4))(&(osgi.ee=CDC/Foundation)(version=1.1)))".
!SUBENTRY 1 org.eclipse.osgi 2 0 2016-04-05 13:53:24.356
!MESSAGE Bundle org.eclipse.equinox.p2.ui.discovery_1.0.0.v20130502-0334 [71] was not resolved.
!SUBENTRY 2 org.eclipse.equinox.p2.ui.discovery 2 0 2016-04-05 13:53:24.357
!MESSAGE Missing required bundle org.eclipse.ui_0.0.0.
!SUBENTRY 2 org.eclipse.equinox.p2.ui.discovery 2 0 2016-04-05 13:53:24.358
!MESSAGE Missing required bundle org.eclipse.ui.browser_0.0.0.
!SUBENTRY 2 org.eclipse.equinox.p2.ui.discovery 2 0 2016-04-05 13:53:24.359
!MESSAGE Missing required bundle org.eclipse.equinox.p2.ui_2.0.0.
!SUBENTRY 2 org.eclipse.equinox.p2.ui.discovery 2 0 2016-04-05 13:53:24.359
!MESSAGE Missing imported package com.ibm.icu.text_0.0.0.
!SUBENTRY 1 org.eclipse.osgi 2 0 2016-04-05 13:53:24.360
!MESSAGE Bundle org.eclipse.equinox.p2.ui.importexport_1.1.0.v20131209-2052 [72] was not resolved.
!SUBENTRY 2 org.eclipse.equinox.p2.ui.importexport 2 0 2016-04-05 13:53:24.361
!MESSAGE Missing required bundle org.eclipse.ui_0.0.0.
!SUBENTRY 2 org.eclipse.equinox.p2.ui.importexport 2 0 2016-04-05 13:53:24.362
!MESSAGE Missing required bundle org.eclipse.equinox.p2.ui_0.0.0.
!SUBENTRY 2 org.eclipse.equinox.p2.ui.importexport 2 0 2016-04-05 13:53:24.362
!MESSAGE Missing required bundle org.eclipse.ui.forms_3.5.0.
!SUBENTRY 2 org.eclipse.equinox.p2.ui.importexport 2 0 2016-04-05 13:53:24.363
!MESSAGE Missing imported package org.eclipse.equinox.internal.p2.ui_0.0.0.
!SUBENTRY 2 org.eclipse.equinox.p2.ui.importexport 2 0 2016-04-05 13:53:24.364
!MESSAGE Missing imported package org.eclipse.equinox.internal.p2.ui.dialogs_0.0.0.
!SUBENTRY 2 org.eclipse.equinox.p2.ui.importexport 2 0 2016-04-05 13:53:24.365
!MESSAGE Missing imported package org.eclipse.equinox.internal.p2.ui.model_0.0.0.
!SUBENTRY 2 org.eclipse.equinox.p2.ui.importexport 2 0 2016-04-05 13:53:24.365
!MESSAGE Missing imported package org.eclipse.equinox.internal.p2.ui.viewers_0.0.0.
!SUBENTRY 2 org.eclipse.equinox.p2.ui.importexport 2 0 2016-04-05 13:53:24.366
!MESSAGE Missing required capability Require-Capability: osgi.ee; filter="(|(&(osgi.ee=JavaSE)(version=1.5))(&(osgi.ee=JavaSE)(version=1.4))(&(osgi.ee=CDC/Foundation)(version=1.1)))".
!SUBENTRY 1 org.eclipse.osgi 2 0 2016-04-05 13:53:24.367
!MESSAGE Bundle org.eclipse.equinox.p2.ui.sdk_1.0.300.v20130503-1750 [73] was not resolved.
!SUBENTRY 2 org.eclipse.equinox.p2.ui.sdk 2 0 2016-04-05 13:53:24.368
!MESSAGE Missing required bundle org.eclipse.ui_3.6.0.
!SUBENTRY 2 org.eclipse.equinox.p2.ui.sdk 2 0 2016-04-05 13:53:24.369
!MESSAGE Missing required bundle org.eclipse.equinox.p2.ui_0.0.0.
!SUBENTRY 2 org.eclipse.equinox.p2.ui.sdk 2 0 2016-04-05 13:53:24.369
!MESSAGE Missing optionally imported package org.eclipse.compare_0.0.0.
!SUBENTRY 2 org.eclipse.equinox.p2.ui.sdk 2 0 2016-04-05 13:53:24.370
!MESSAGE Missing optionally imported package org.eclipse.compare.structuremergeviewer_0.0.0.
!SUBENTRY 2 org.eclipse.equinox.p2.ui.sdk 2 0 2016-04-05 13:53:24.370
!MESSAGE Missing required capability Require-Capability: osgi.ee; filter="(|(&(osgi.ee=JavaSE)(version=1.5))(&(osgi.ee=JavaSE)(version=1.4))(&(osgi.ee=CDC/Foundation)(version=1.1)))".
!SUBENTRY 1 org.eclipse.osgi 2 0 2016-04-05 13:53:24.371
!MESSAGE Bundle org.eclipse.equinox.p2.ui.sdk.scheduler_1.2.0.v20140122-1840 [74] was not resolved.
!SUBENTRY 2 org.eclipse.equinox.p2.ui.sdk.scheduler 2 0 2016-04-05 13:53:24.371
!MESSAGE Missing required bundle org.eclipse.ui_0.0.0.
!SUBENTRY 2 org.eclipse.equinox.p2.ui.sdk.scheduler 2 0 2016-04-05 13:53:24.372
!MESSAGE Missing required bundle org.eclipse.equinox.p2.ui_0.0.0.
!SUBENTRY 2 org.eclipse.equinox.p2.ui.sdk.scheduler 2 0 2016-04-05 13:53:24.372
!MESSAGE Missing imported package com.ibm.icu.util_4.0.1.
!SUBENTRY 2 org.eclipse.equinox.p2.ui.sdk.scheduler 2 0 2016-04-05 13:53:24.373
!MESSAGE Missing imported package org.eclipse.equinox.internal.p2.ui_0.0.0.
!SUBENTRY 2 org.eclipse.equinox.p2.ui.sdk.scheduler 2 0 2016-04-05 13:53:24.373
!MESSAGE Missing imported package org.eclipse.equinox.internal.p2.ui.actions_0.0.0.
!SUBENTRY 2 org.eclipse.equinox.p2.ui.sdk.scheduler 2 0 2016-04-05 13:53:24.374
!MESSAGE Missing imported package org.eclipse.equinox.internal.p2.ui.query_0.0.0.
!SUBENTRY 2 org.eclipse.equinox.p2.ui.sdk.scheduler 2 0 2016-04-05 13:53:24.374
!MESSAGE Missing imported package org.eclipse.equinox.p2.ui_[2.0.0,3.0.0).
!SUBENTRY 1 org.eclipse.osgi 2 0 2016-04-05 13:53:24.375
!MESSAGE Bundle org.eclipse.equinox.security.ui_1.1.100.v20130327-1442 [80] was not resolved.
!SUBENTRY 2 org.eclipse.equinox.security.ui 2 0 2016-04-05 13:53:24.376
!MESSAGE Missing required bundle org.eclipse.ui_[3.4.0,4.0.0).
