!SESSION 2016-04-05 14:07:21.551 -----------------------------------------------
eclipse.buildId=unknown
java.version=1.7.0_80
java.vendor=Oracle Corporation
BootLoader constants: OS=win32, ARCH=x86_64, WS=win32, NL=en_US
Command-line arguments:  -dev file:C:/Users/Nandor/workspace/.metadata/.plugins/org.eclipse.pde.core/Hello World Bundle/dev.properties -os win32 -ws win32 -arch x86_64 -consoleLog -console

!ENTRY org.eclipse.equinox.p2.console 4 0 2016-04-05 14:07:28.590
!MESSAGE FrameworkEvent ERROR
!STACK 0
org.osgi.framework.BundleException: The bundle "org.eclipse.equinox.p2.console_1.0.300.v20130327-2119 [48]" could not be resolved. Reason: Missing Constraint: Import-Package: org.eclipse.equinox.internal.provisional.p2.director; version="0.0.0"
	at org.eclipse.osgi.framework.internal.core.AbstractBundle.getResolverError(AbstractBundle.java:1332)
	at org.eclipse.osgi.framework.internal.core.AbstractBundle.getResolutionFailureException(AbstractBundle.java:1316)
	at org.eclipse.osgi.framework.internal.core.BundleHost.startWorker(BundleHost.java:323)
	at org.eclipse.osgi.framework.internal.core.AbstractBundle.resume(AbstractBundle.java:390)
	at org.eclipse.osgi.framework.internal.core.Framework.resumeBundle(Framework.java:1176)
	at org.eclipse.osgi.framework.internal.core.StartLevelManager.resumeBundles(StartLevelManager.java:559)
	at org.eclipse.osgi.framework.internal.core.StartLevelManager.resumeBundles(StartLevelManager.java:544)
	at org.eclipse.osgi.framework.internal.core.StartLevelManager.incFWSL(StartLevelManager.java:457)
	at org.eclipse.osgi.framework.internal.core.StartLevelManager.doSetStartLevel(StartLevelManager.java:243)
	at org.eclipse.osgi.framework.internal.core.StartLevelManager.dispatchEvent(StartLevelManager.java:438)
	at org.eclipse.osgi.framework.internal.core.StartLevelManager.dispatchEvent(StartLevelManager.java:1)
	at org.eclipse.osgi.framework.eventmgr.EventManager.dispatchEvent(EventManager.java:230)
	at org.eclipse.osgi.framework.eventmgr.EventManager$EventThread.run(EventManager.java:340)

!ENTRY org.eclipse.equinox.p2.director 4 0 2016-04-05 14:07:28.612
!MESSAGE FrameworkEvent ERROR
!STACK 0
org.osgi.framework.BundleException: The bundle "org.eclipse.equinox.p2.director_2.3.1.v20140221-1852 [50]" could not be resolved. Reason: Missing Constraint: Import-Package: org.eclipse.equinox.internal.provisional.configurator; version="0.0.0"
	at org.eclipse.osgi.framework.internal.core.AbstractBundle.getResolverError(AbstractBundle.java:1332)
	at org.eclipse.osgi.framework.internal.core.AbstractBundle.getResolutionFailureException(AbstractBundle.java:1316)
	at org.eclipse.osgi.framework.internal.core.BundleHost.startWorker(BundleHost.java:323)
	at org.eclipse.osgi.framework.internal.core.AbstractBundle.resume(AbstractBundle.java:390)
	at org.eclipse.osgi.framework.internal.core.Framework.resumeBundle(Framework.java:1176)
	at org.eclipse.osgi.framework.internal.core.StartLevelManager.resumeBundles(StartLevelManager.java:559)
	at org.eclipse.osgi.framework.internal.core.StartLevelManager.resumeBundles(StartLevelManager.java:544)
	at org.eclipse.osgi.framework.internal.core.StartLevelManager.incFWSL(StartLevelManager.java:457)
	at org.eclipse.osgi.framework.internal.core.StartLevelManager.doSetStartLevel(StartLevelManager.java:243)
	at org.eclipse.osgi.framework.internal.core.StartLevelManager.dispatchEvent(StartLevelManager.java:438)
	at org.eclipse.osgi.framework.internal.core.StartLevelManager.dispatchEvent(StartLevelManager.java:1)
	at org.eclipse.osgi.framework.eventmgr.EventManager.dispatchEvent(EventManager.java:230)
	at org.eclipse.osgi.framework.eventmgr.EventManager$EventThread.run(EventManager.java:340)

!ENTRY org.eclipse.equinox.p2.director.app 4 0 2016-04-05 14:07:28.652
!MESSAGE FrameworkEvent ERROR
!STACK 0
org.osgi.framework.BundleException: The bundle "org.eclipse.equinox.p2.director.app_1.0.300.v20130819-1621 [51]" could not be resolved. Reason: Missing Constraint: Import-Package: org.eclipse.equinox.internal.p2.director; version="0.0.0"
	at org.eclipse.osgi.framework.internal.core.AbstractBundle.getResolverError(AbstractBundle.java:1332)
	at org.eclipse.osgi.framework.internal.core.AbstractBundle.getResolutionFailureException(AbstractBundle.java:1316)
	at org.eclipse.osgi.framework.internal.core.BundleHost.startWorker(BundleHost.java:323)
	at org.eclipse.osgi.framework.internal.core.AbstractBundle.resume(AbstractBundle.java:390)
	at org.eclipse.osgi.framework.internal.core.Framework.resumeBundle(Framework.java:1176)
	at org.eclipse.osgi.framework.internal.core.StartLevelManager.resumeBundles(StartLevelManager.java:559)
	at org.eclipse.osgi.framework.internal.core.StartLevelManager.resumeBundles(StartLevelManager.java:544)
	at org.eclipse.osgi.framework.internal.core.StartLevelManager.incFWSL(StartLevelManager.java:457)
	at org.eclipse.osgi.framework.internal.core.StartLevelManager.doSetStartLevel(StartLevelManager.java:243)
	at org.eclipse.osgi.framework.internal.core.StartLevelManager.dispatchEvent(StartLevelManager.java:438)
	at org.eclipse.osgi.framework.internal.core.StartLevelManager.dispatchEvent(StartLevelManager.java:1)
	at org.eclipse.osgi.framework.eventmgr.EventManager.dispatchEvent(EventManager.java:230)
	at org.eclipse.osgi.framework.eventmgr.EventManager$EventThread.run(EventManager.java:340)

!ENTRY org.eclipse.equinox.p2.directorywatcher 4 0 2016-04-05 14:07:28.684
!MESSAGE FrameworkEvent ERROR
!STACK 0
org.osgi.framework.BundleException: The bundle "org.eclipse.equinox.p2.directorywatcher_1.0.300.v20130327-2119 [52]" could not be resolved. Reason: Missing Constraint: Import-Package: org.eclipse.equinox.internal.p2.update; version="0.0.0"
	at org.eclipse.osgi.framework.internal.core.AbstractBundle.getResolverError(AbstractBundle.java:1332)
	at org.eclipse.osgi.framework.internal.core.AbstractBundle.getResolutionFailureException(AbstractBundle.java:1316)
	at org.eclipse.osgi.framework.internal.core.BundleHost.startWorker(BundleHost.java:323)
	at org.eclipse.osgi.framework.internal.core.AbstractBundle.resume(AbstractBundle.java:390)
	at org.eclipse.osgi.framework.internal.core.Framework.resumeBundle(Framework.java:1176)
	at org.eclipse.osgi.framework.internal.core.StartLevelManager.resumeBundles(StartLevelManager.java:559)
	at org.eclipse.osgi.framework.internal.core.StartLevelManager.resumeBundles(StartLevelManager.java:544)
	at org.eclipse.osgi.framework.internal.core.StartLevelManager.incFWSL(StartLevelManager.java:457)
	at org.eclipse.osgi.framework.internal.core.StartLevelManager.doSetStartLevel(StartLevelManager.java:243)
	at org.eclipse.osgi.framework.internal.core.StartLevelManager.dispatchEvent(StartLevelManager.java:438)
	at org.eclipse.osgi.framework.internal.core.StartLevelManager.dispatchEvent(StartLevelManager.java:1)
	at org.eclipse.osgi.framework.eventmgr.EventManager.dispatchEvent(EventManager.java:230)
	at org.eclipse.osgi.framework.eventmgr.EventManager$EventThread.run(EventManager.java:340)

!ENTRY org.eclipse.equinox.p2.extensionlocation 4 0 2016-04-05 14:07:28.776
!MESSAGE FrameworkEvent ERROR
!STACK 0
org.osgi.framework.BundleException: The bundle "org.eclipse.equinox.p2.extensionlocation_1.2.100.v20130327-2119 [56]" could not be resolved. Reason: Missing Constraint: Import-Package: org.eclipse.equinox.internal.p2.publisher.eclipse; version="0.0.0"
	at org.eclipse.osgi.framework.internal.core.AbstractBundle.getResolverError(AbstractBundle.java:1332)
	at org.eclipse.osgi.framework.internal.core.AbstractBundle.getResolutionFailureException(AbstractBundle.java:1316)
	at org.eclipse.osgi.framework.internal.core.BundleHost.startWorker(BundleHost.java:323)
	at org.eclipse.osgi.framework.internal.core.AbstractBundle.resume(AbstractBundle.java:390)
	at org.eclipse.osgi.framework.internal.core.Framework.resumeBundle(Framework.java:1176)
	at org.eclipse.osgi.framework.internal.core.StartLevelManager.resumeBundles(StartLevelManager.java:559)
	at org.eclipse.osgi.framework.internal.core.StartLevelManager.resumeBundles(StartLevelManager.java:544)
	at org.eclipse.osgi.framework.internal.core.StartLevelManager.incFWSL(StartLevelManager.java:457)
	at org.eclipse.osgi.framework.internal.core.StartLevelManager.doSetStartLevel(StartLevelManager.java:243)
	at org.eclipse.osgi.framework.internal.core.StartLevelManager.dispatchEvent(StartLevelManager.java:438)
	at org.eclipse.osgi.framework.internal.core.StartLevelManager.dispatchEvent(StartLevelManager.java:1)
	at org.eclipse.osgi.framework.eventmgr.EventManager.dispatchEvent(EventManager.java:230)
	at org.eclipse.osgi.framework.eventmgr.EventManager$EventThread.run(EventManager.java:340)

!ENTRY org.eclipse.equinox.p2.operations 4 0 2016-04-05 14:07:28.831
!MESSAGE FrameworkEvent ERROR
!STACK 0
org.osgi.framework.BundleException: The bundle "org.eclipse.equinox.p2.operations_2.3.0.v20130711-1809 [61]" could not be resolved. Reason: Missing Constraint: Import-Package: org.eclipse.equinox.internal.p2.director; version="0.0.0"
	at org.eclipse.osgi.framework.internal.core.AbstractBundle.getResolverError(AbstractBundle.java:1332)
	at org.eclipse.osgi.framework.internal.core.AbstractBundle.getResolutionFailureException(AbstractBundle.java:1316)
	at org.eclipse.osgi.framework.internal.core.BundleHost.startWorker(BundleHost.java:323)
	at org.eclipse.osgi.framework.internal.core.AbstractBundle.resume(AbstractBundle.java:390)
	at org.eclipse.osgi.framework.internal.core.Framework.resumeBundle(Framework.java:1176)
	at org.eclipse.osgi.framework.internal.core.StartLevelManager.resumeBundles(StartLevelManager.java:559)
	at org.eclipse.osgi.framework.internal.core.StartLevelManager.resumeBundles(StartLevelManager.java:544)
	at org.eclipse.osgi.framework.internal.core.StartLevelManager.incFWSL(StartLevelManager.java:457)
	at org.eclipse.osgi.framework.internal.core.StartLevelManager.doSetStartLevel(StartLevelManager.java:243)
	at org.eclipse.osgi.framework.internal.core.StartLevelManager.dispatchEvent(StartLevelManager.java:438)
	at org.eclipse.osgi.framework.internal.core.StartLevelManager.dispatchEvent(StartLevelManager.java:1)
	at org.eclipse.osgi.framework.eventmgr.EventManager.dispatchEvent(EventManager.java:230)
	at org.eclipse.osgi.framework.eventmgr.EventManager$EventThread.run(EventManager.java:340)

!ENTRY org.eclipse.equinox.p2.publisher.eclipse 4 0 2016-04-05 14:07:28.885
!MESSAGE FrameworkEvent ERROR
!STACK 0
org.osgi.framework.BundleException: The bundle "org.eclipse.equinox.p2.publisher.eclipse_1.1.200.v20130516-1953 [63]" could not be resolved. Reason: Missing Constraint: Import-Package: org.eclipse.equinox.simpleconfigurator.manipulator; version="[2.0.0,3.0.0)"
	at org.eclipse.osgi.framework.internal.core.AbstractBundle.getResolverError(AbstractBundle.java:1332)
	at org.eclipse.osgi.framework.internal.core.AbstractBundle.getResolutionFailureException(AbstractBundle.java:1316)
	at org.eclipse.osgi.framework.internal.core.BundleHost.startWorker(BundleHost.java:323)
	at org.eclipse.osgi.framework.internal.core.AbstractBundle.resume(AbstractBundle.java:390)
	at org.eclipse.osgi.framework.internal.core.Framework.resumeBundle(Framework.java:1176)
	at org.eclipse.osgi.framework.internal.core.StartLevelManager.resumeBundles(StartLevelManager.java:559)
	at org.eclipse.osgi.framework.internal.core.StartLevelManager.resumeBundles(StartLevelManager.java:544)
	at org.eclipse.osgi.framework.internal.core.StartLevelManager.incFWSL(StartLevelManager.java:457)
	at org.eclipse.osgi.framework.internal.core.StartLevelManager.doSetStartLevel(StartLevelManager.java:243)
	at org.eclipse.osgi.framework.internal.core.StartLevelManager.dispatchEvent(StartLevelManager.java:438)
	at org.eclipse.osgi.framework.internal.core.StartLevelManager.dispatchEvent(StartLevelManager.java:1)
	at org.eclipse.osgi.framework.eventmgr.EventManager.dispatchEvent(EventManager.java:230)
	at org.eclipse.osgi.framework.eventmgr.EventManager$EventThread.run(EventManager.java:340)

!ENTRY org.eclipse.equinox.p2.reconciler.dropins 4 0 2016-04-05 14:07:28.923
!MESSAGE FrameworkEvent ERROR
!STACK 0
org.osgi.framework.BundleException: The bundle "org.eclipse.equinox.p2.reconciler.dropins_1.1.200.v20130419-1850 [64]" could not be resolved. Reason: Missing Constraint: Require-Bundle: org.eclipse.equinox.p2.touchpoint.eclipse; bundle-version="1.0.0"
	at org.eclipse.osgi.framework.internal.core.AbstractBundle.getResolverError(AbstractBundle.java:1332)
	at org.eclipse.osgi.framework.internal.core.AbstractBundle.getResolutionFailureException(AbstractBundle.java:1316)
	at org.eclipse.osgi.framework.internal.core.BundleHost.startWorker(BundleHost.java:323)
	at org.eclipse.osgi.framework.internal.core.AbstractBundle.resume(AbstractBundle.java:390)
	at org.eclipse.osgi.framework.internal.core.Framework.resumeBundle(Framework.java:1176)
	at org.eclipse.osgi.framework.internal.core.StartLevelManager.resumeBundles(StartLevelManager.java:559)
	at org.eclipse.osgi.framework.internal.core.StartLevelManager.resumeBundles(StartLevelManager.java:544)
	at org.eclipse.osgi.framework.internal.core.StartLevelManager.incFWSL(StartLevelManager.java:457)
	at org.eclipse.osgi.framework.internal.core.StartLevelManager.doSetStartLevel(StartLevelManager.java:243)
	at org.eclipse.osgi.framework.internal.core.StartLevelManager.dispatchEvent(StartLevelManager.java:438)
	at org.eclipse.osgi.framework.internal.core.StartLevelManager.dispatchEvent(StartLevelManager.java:1)
	at org.eclipse.osgi.framework.eventmgr.EventManager.dispatchEvent(EventManager.java:230)
	at org.eclipse.osgi.framework.eventmgr.EventManager$EventThread.run(EventManager.java:340)

!ENTRY org.eclipse.equinox.p2.repository.tools 4 0 2016-04-05 14:07:28.963
!MESSAGE FrameworkEvent ERROR
!STACK 0
org.osgi.framework.BundleException: The bundle "org.eclipse.equinox.p2.repository.tools_2.1.0.v20130327-2119 [66]" could not be resolved. Reason: Missing Constraint: Import-Package: org.eclipse.equinox.internal.p2.director; version="0.0.0"
	at org.eclipse.osgi.framework.internal.core.AbstractBundle.getResolverError(AbstractBundle.java:1332)
	at org.eclipse.osgi.framework.internal.core.AbstractBundle.getResolutionFailureException(AbstractBundle.java:1316)
	at org.eclipse.osgi.framework.internal.core.BundleHost.startWorker(BundleHost.java:323)
	at org.eclipse.osgi.framework.internal.core.AbstractBundle.resume(AbstractBundle.java:390)
	at org.eclipse.osgi.framework.internal.core.Framework.resumeBundle(Framework.java:1176)
	at org.eclipse.osgi.framework.internal.core.StartLevelManager.resumeBundles(StartLevelManager.java:559)
	at org.eclipse.osgi.framework.internal.core.StartLevelManager.resumeBundles(StartLevelManager.java:544)
	at org.eclipse.osgi.framework.internal.core.StartLevelManager.incFWSL(StartLevelManager.java:457)
	at org.eclipse.osgi.framework.internal.core.StartLevelManager.doSetStartLevel(StartLevelManager.java:243)
	at org.eclipse.osgi.framework.internal.core.StartLevelManager.dispatchEvent(StartLevelManager.java:438)
	at org.eclipse.osgi.framework.internal.core.StartLevelManager.dispatchEvent(StartLevelManager.java:1)
	at org.eclipse.osgi.framework.eventmgr.EventManager.dispatchEvent(EventManager.java:230)
	at org.eclipse.osgi.framework.eventmgr.EventManager$EventThread.run(EventManager.java:340)

!ENTRY org.eclipse.equinox.p2.touchpoint.eclipse 4 0 2016-04-05 14:07:28.997
!MESSAGE FrameworkEvent ERROR
!STACK 0
org.osgi.framework.BundleException: The bundle "org.eclipse.equinox.p2.touchpoint.eclipse_2.1.200.v20130327-2119 [67]" could not be resolved. Reason: Missing Constraint: Import-Package: org.eclipse.equinox.internal.simpleconfigurator.manipulator; version="0.0.0"
	at org.eclipse.osgi.framework.internal.core.AbstractBundle.getResolverError(AbstractBundle.java:1332)
	at org.eclipse.osgi.framework.internal.core.AbstractBundle.getResolutionFailureException(AbstractBundle.java:1316)
	at org.eclipse.osgi.framework.internal.core.BundleHost.startWorker(BundleHost.java:323)
	at org.eclipse.osgi.framework.internal.core.AbstractBundle.resume(AbstractBundle.java:390)
	at org.eclipse.osgi.framework.internal.core.Framework.resumeBundle(Framework.java:1176)
	at org.eclipse.osgi.framework.internal.core.StartLevelManager.resumeBundles(StartLevelManager.java:559)
	at org.eclipse.osgi.framework.internal.core.StartLevelManager.resumeBundles(StartLevelManager.java:544)
	at org.eclipse.osgi.framework.internal.core.StartLevelManager.incFWSL(StartLevelManager.java:457)
	at org.eclipse.osgi.framework.internal.core.StartLevelManager.doSetStartLevel(StartLevelManager.java:243)
	at org.eclipse.osgi.framework.internal.core.StartLevelManager.dispatchEvent(StartLevelManager.java:438)
	at org.eclipse.osgi.framework.internal.core.StartLevelManager.dispatchEvent(StartLevelManager.java:1)
	at org.eclipse.osgi.framework.eventmgr.EventManager.dispatchEvent(EventManager.java:230)
	at org.eclipse.osgi.framework.eventmgr.EventManager$EventThread.run(EventManager.java:340)

!ENTRY org.eclipse.equinox.p2.ui 4 0 2016-04-05 14:07:29.028
!MESSAGE FrameworkEvent ERROR
!STACK 0
org.osgi.framework.BundleException: The bundle "org.eclipse.equinox.p2.ui_2.3.0.v20131209-2052 [70]" could not be resolved. Reason: Missing Constraint: Require-Bundle: org.eclipse.ui; bundle-version="3.6.0"
	at org.eclipse.osgi.framework.internal.core.AbstractBundle.getResolverError(AbstractBundle.java:1332)
	at org.eclipse.osgi.framework.internal.core.AbstractBundle.getResolutionFailureException(AbstractBundle.java:1316)
	at org.eclipse.osgi.framework.internal.core.BundleHost.startWorker(BundleHost.java:323)
	at org.eclipse.osgi.framework.internal.core.AbstractBundle.resume(AbstractBundle.java:390)
	at org.eclipse.osgi.framework.internal.core.Framework.resumeBundle(Framework.java:1176)
	at org.eclipse.osgi.framework.internal.core.StartLevelManager.resumeBundles(StartLevelManager.java:559)
	at org.eclipse.osgi.framework.internal.core.StartLevelManager.resumeBundles(StartLevelManager.java:544)
	at org.eclipse.osgi.framework.internal.core.StartLevelManager.incFWSL(StartLevelManager.java:457)
	at org.eclipse.osgi.framework.internal.core.StartLevelManager.doSetStartLevel(StartLevelManager.java:243)
	at org.eclipse.osgi.framework.internal.core.StartLevelManager.dispatchEvent(StartLevelManager.java:438)
	at org.eclipse.osgi.framework.internal.core.StartLevelManager.dispatchEvent(StartLevelManager.java:1)
	at org.eclipse.osgi.framework.eventmgr.EventManager.dispatchEvent(EventManager.java:230)
	at org.eclipse.osgi.framework.eventmgr.EventManager$EventThread.run(EventManager.java:340)

!ENTRY org.eclipse.equinox.p2.ui.discovery 4 0 2016-04-05 14:07:29.059
!MESSAGE FrameworkEvent ERROR
!STACK 0
org.osgi.framework.BundleException: The bundle "org.eclipse.equinox.p2.ui.discovery_1.0.0.v20130502-0334 [71]" could not be resolved. Reason: Missing Constraint: Require-Bundle: org.eclipse.ui; bundle-version="0.0.0"
	at org.eclipse.osgi.framework.internal.core.AbstractBundle.getResolverError(AbstractBundle.java:1332)
	at org.eclipse.osgi.framework.internal.core.AbstractBundle.getResolutionFailureException(AbstractBundle.java:1316)
	at org.eclipse.osgi.framework.internal.core.BundleHost.startWorker(BundleHost.java:323)
	at org.eclipse.osgi.framework.internal.core.AbstractBundle.resume(AbstractBundle.java:390)
	at org.eclipse.osgi.framework.internal.core.Framework.resumeBundle(Framework.java:1176)
	at org.eclipse.osgi.framework.internal.core.StartLevelManager.resumeBundles(StartLevelManager.java:559)
	at org.eclipse.osgi.framework.internal.core.StartLevelManager.resumeBundles(StartLevelManager.java:544)
	at org.eclipse.osgi.framework.internal.core.StartLevelManager.incFWSL(StartLevelManager.java:457)
	at org.eclipse.osgi.framework.internal.core.StartLevelManager.doSetStartLevel(StartLevelManager.java:243)
	at org.eclipse.osgi.framework.internal.core.StartLevelManager.dispatchEvent(StartLevelManager.java:438)
	at org.eclipse.osgi.framework.internal.core.StartLevelManager.dispatchEvent(StartLevelManager.java:1)
	at org.eclipse.osgi.framework.eventmgr.EventManager.dispatchEvent(EventManager.java:230)
	at org.eclipse.osgi.framework.eventmgr.EventManager$EventThread.run(EventManager.java:340)

!ENTRY org.eclipse.equinox.p2.ui.importexport 4 0 2016-04-05 14:07:29.087
!MESSAGE FrameworkEvent ERROR
!STACK 0
org.osgi.framework.BundleException: The bundle "org.eclipse.equinox.p2.ui.importexport_1.1.0.v20131209-2052 [72]" could not be resolved. Reason: Missing Constraint: Require-Bundle: org.eclipse.ui; bundle-version="0.0.0"
	at org.eclipse.osgi.framework.internal.core.AbstractBundle.getResolverError(AbstractBundle.java:1332)
	at org.eclipse.osgi.framework.internal.core.AbstractBundle.getResolutionFailureException(AbstractBundle.java:1316)
	at org.eclipse.osgi.framework.internal.core.BundleHost.startWorker(BundleHost.java:323)
	at org.eclipse.osgi.framework.internal.core.AbstractBundle.resume(AbstractBundle.java:390)
	at org.eclipse.osgi.framework.internal.core.Framework.resumeBundle(Framework.java:1176)
	at org.eclipse.osgi.framework.internal.core.StartLevelManager.resumeBundles(StartLevelManager.java:559)
	at org.eclipse.osgi.framework.internal.core.StartLevelManager.resumeBundles(StartLevelManager.java:544)
	at org.eclipse.osgi.framework.internal.core.StartLevelManager.incFWSL(StartLevelManager.java:457)
	at org.eclipse.osgi.framework.internal.core.StartLevelManager.doSetStartLevel(StartLevelManager.java:243)
	at org.eclipse.osgi.framework.internal.core.StartLevelManager.dispatchEvent(StartLevelManager.java:438)
	at org.eclipse.osgi.framework.internal.core.StartLevelManager.dispatchEvent(StartLevelManager.java:1)
	at org.eclipse.osgi.framework.eventmgr.EventManager.dispatchEvent(EventManager.java:230)
	at org.eclipse.osgi.framework.eventmgr.EventManager$EventThread.run(EventManager.java:340)

!ENTRY org.eclipse.equinox.p2.ui.sdk 4 0 2016-04-05 14:07:29.114
!MESSAGE FrameworkEvent ERROR
!STACK 0
org.osgi.framework.BundleException: The bundle "org.eclipse.equinox.p2.ui.sdk_1.0.300.v20130503-1750 [73]" could not be resolved. Reason: Missing Constraint: Require-Bundle: org.eclipse.ui; bundle-version="3.6.0"
	at org.eclipse.osgi.framework.internal.core.AbstractBundle.getResolverError(AbstractBundle.java:1332)
	at org.eclipse.osgi.framework.internal.core.AbstractBundle.getResolutionFailureException(AbstractBundle.java:1316)
	at org.eclipse.osgi.framework.internal.core.BundleHost.startWorker(BundleHost.java:323)
	at org.eclipse.osgi.framework.internal.core.AbstractBundle.resume(AbstractBundle.java:390)
	at org.eclipse.osgi.framework.internal.core.Framework.resumeBundle(Framework.java:1176)
	at org.eclipse.osgi.framework.internal.core.StartLevelManager.resumeBundles(StartLevelManager.java:559)
	at org.eclipse.osgi.framework.internal.core.StartLevelManager.resumeBundles(StartLevelManager.java:544)
	at org.eclipse.osgi.framework.internal.core.StartLevelManager.incFWSL(StartLevelManager.java:457)
	at org.eclipse.osgi.framework.internal.core.StartLevelManager.doSetStartLevel(StartLevelManager.java:243)
	at org.eclipse.osgi.framework.internal.core.StartLevelManager.dispatchEvent(StartLevelManager.java:438)
	at org.eclipse.osgi.framework.internal.core.StartLevelManager.dispatchEvent(StartLevelManager.java:1)
	at org.eclipse.osgi.framework.eventmgr.EventManager.dispatchEvent(EventManager.java:230)
	at org.eclipse.osgi.framework.eventmgr.EventManager$EventThread.run(EventManager.java:340)

!ENTRY org.eclipse.equinox.p2.ui.sdk.scheduler 4 0 2016-04-05 14:07:29.150
!MESSAGE FrameworkEvent ERROR
!STACK 0
org.osgi.framework.BundleException: The bundle "org.eclipse.equinox.p2.ui.sdk.scheduler_1.2.0.v20140122-1840 [74]" could not be resolved. Reason: Missing Constraint: Require-Bundle: org.eclipse.ui; bundle-version="0.0.0"
	at org.eclipse.osgi.framework.internal.core.AbstractBundle.getResolverError(AbstractBundle.java:1332)
	at org.eclipse.osgi.framework.internal.core.AbstractBundle.getResolutionFailureException(AbstractBundle.java:1316)
	at org.eclipse.osgi.framework.internal.core.BundleHost.startWorker(BundleHost.java:323)
	at org.eclipse.osgi.framework.internal.core.AbstractBundle.resume(AbstractBundle.java:390)
	at org.eclipse.osgi.framework.internal.core.Framework.resumeBundle(Framework.java:1176)
	at org.eclipse.osgi.framework.internal.core.StartLevelManager.resumeBundles(StartLevelManager.java:559)
	at org.eclipse.osgi.framework.internal.core.StartLevelManager.resumeBundles(StartLevelManager.java:544)
	at org.eclipse.osgi.framework.internal.core.StartLevelManager.incFWSL(StartLevelManager.java:457)
	at org.eclipse.osgi.framework.internal.core.StartLevelManager.doSetStartLevel(StartLevelManager.java:243)
	at org.eclipse.osgi.framework.internal.core.StartLevelManager.dispatchEvent(StartLevelManager.java:438)
	at org.eclipse.osgi.framework.internal.core.StartLevelManager.dispatchEvent(StartLevelManager.java:1)
	at org.eclipse.osgi.framework.eventmgr.EventManager.dispatchEvent(EventManager.java:230)
	at org.eclipse.osgi.framework.eventmgr.EventManager$EventThread.run(EventManager.java:340)

!ENTRY org.eclipse.equinox.p2.updatechecker 4 0 2016-04-05 14:07:29.184
!MESSAGE FrameworkEvent ERROR
!STACK 0
org.osgi.framework.BundleException: The bundle "org.eclipse.equinox.p2.updatechecker_1.1.200.v20130327-2119 [75]" could not be resolved. Reason: Missing Constraint: Import-Package: org.eclipse.equinox.p2.planner; version="[2.0.0,3.0.0)"
	at org.eclipse.osgi.framework.internal.core.AbstractBundle.getResolverError(AbstractBundle.java:1332)
	at org.eclipse.osgi.framework.internal.core.AbstractBundle.getResolutionFailureException(AbstractBundle.java:1316)
	at org.eclipse.osgi.framework.internal.core.BundleHost.startWorker(BundleHost.java:323)
	at org.eclipse.osgi.framework.internal.core.AbstractBundle.resume(AbstractBundle.java:390)
	at org.eclipse.osgi.framework.internal.core.Framework.resumeBundle(Framework.java:1176)
	at org.eclipse.osgi.framework.internal.core.StartLevelManager.resumeBundles(StartLevelManager.java:559)
	at org.eclipse.osgi.framework.internal.core.StartLevelManager.resumeBundles(StartLevelManager.java:544)
	at org.eclipse.osgi.framework.internal.core.StartLevelManager.incFWSL(StartLevelManager.java:457)
	at org.eclipse.osgi.framework.internal.core.StartLevelManager.doSetStartLevel(StartLevelManager.java:243)
	at org.eclipse.osgi.framework.internal.core.StartLevelManager.dispatchEvent(StartLevelManager.java:438)
	at org.eclipse.osgi.framework.internal.core.StartLevelManager.dispatchEvent(StartLevelManager.java:1)
	at org.eclipse.osgi.framework.eventmgr.EventManager.dispatchEvent(EventManager.java:230)
	at org.eclipse.osgi.framework.eventmgr.EventManager$EventThread.run(EventManager.java:340)

!ENTRY org.eclipse.equinox.p2.updatesite 4 0 2016-04-05 14:07:29.213
!MESSAGE FrameworkEvent ERROR
!STACK 0
org.osgi.framework.BundleException: The bundle "org.eclipse.equinox.p2.updatesite_1.0.400.v20130515-2028 [76]" could not be resolved. Reason: Missing Constraint: Import-Package: org.eclipse.equinox.internal.p2.publisher.eclipse; version="0.0.0"
	at org.eclipse.osgi.framework.internal.core.AbstractBundle.getResolverError(AbstractBundle.java:1332)
	at org.eclipse.osgi.framework.internal.core.AbstractBundle.getResolutionFailureException(AbstractBundle.java:1316)
	at org.eclipse.osgi.framework.internal.core.BundleHost.startWorker(BundleHost.java:323)
	at org.eclipse.osgi.framework.internal.core.AbstractBundle.resume(AbstractBundle.java:390)
	at org.eclipse.osgi.framework.internal.core.Framework.resumeBundle(Framework.java:1176)
	at org.eclipse.osgi.framework.internal.core.StartLevelManager.resumeBundles(StartLevelManager.java:559)
	at org.eclipse.osgi.framework.internal.core.StartLevelManager.resumeBundles(StartLevelManager.java:544)
	at org.eclipse.osgi.framework.internal.core.StartLevelManager.incFWSL(StartLevelManager.java:457)
	at org.eclipse.osgi.framework.internal.core.StartLevelManager.doSetStartLevel(StartLevelManager.java:243)
	at org.eclipse.osgi.framework.internal.core.StartLevelManager.dispatchEvent(StartLevelManager.java:438)
	at org.eclipse.osgi.framework.internal.core.StartLevelManager.dispatchEvent(StartLevelManager.java:1)
	at org.eclipse.osgi.framework.eventmgr.EventManager.dispatchEvent(EventManager.java:230)
	at org.eclipse.osgi.framework.eventmgr.EventManager$EventThread.run(EventManager.java:340)

!ENTRY org.eclipse.equinox.security.ui 4 0 2016-04-05 14:07:29.248
!MESSAGE FrameworkEvent ERROR
!STACK 0
org.osgi.framework.BundleException: The bundle "org.eclipse.equinox.security.ui_1.1.100.v20130327-1442 [80]" could not be resolved. Reason: Missing Constraint: Require-Bundle: org.eclipse.ui; bundle-version="[3.4.0,4.0.0)"
	at org.eclipse.osgi.framework.internal.core.AbstractBundle.getResolverError(AbstractBundle.java:1332)
	at org.eclipse.osgi.framework.internal.core.AbstractBundle.getResolutionFailureException(AbstractBundle.java:1316)
	at org.eclipse.osgi.framework.internal.core.BundleHost.startWorker(BundleHost.java:323)
	at org.eclipse.osgi.framework.internal.core.AbstractBundle.resume(AbstractBundle.java:390)
	at org.eclipse.osgi.framework.internal.core.Framework.resumeBundle(Framework.java:1176)
	at org.eclipse.osgi.framework.internal.core.StartLevelManager.resumeBundles(StartLevelManager.java:559)
	at org.eclipse.osgi.framework.internal.core.StartLevelManager.resumeBundles(StartLevelManager.java:544)
	at org.eclipse.osgi.framework.internal.core.StartLevelManager.incFWSL(StartLevelManager.java:457)
	at org.eclipse.osgi.framework.internal.core.StartLevelManager.doSetStartLevel(StartLevelManager.java:243)
	at org.eclipse.osgi.framework.internal.core.StartLevelManager.dispatchEvent(StartLevelManager.java:438)
	at org.eclipse.osgi.framework.internal.core.StartLevelManager.dispatchEvent(StartLevelManager.java:1)
	at org.eclipse.osgi.framework.eventmgr.EventManager.dispatchEvent(EventManager.java:230)
	at org.eclipse.osgi.framework.eventmgr.EventManager$EventThread.run(EventManager.java:340)

!ENTRY org.eclipse.equinox.simpleconfigurator.manipulator 4 0 2016-04-05 14:07:29.281
!MESSAGE FrameworkEvent ERROR
!STACK 0
org.osgi.framework.BundleException: The bundle "org.eclipse.equinox.simpleconfigurator.manipulator_2.0.0.v20130327-2119 [82]" could not be resolved. Reason: Missing Constraint: Import-Package: org.eclipse.equinox.internal.simpleconfigurator; version="0.0.0"
	at org.eclipse.osgi.framework.internal.core.AbstractBundle.getResolverError(AbstractBundle.java:1332)
	at org.eclipse.osgi.framework.internal.core.AbstractBundle.getResolutionFailureException(AbstractBundle.java:1316)
	at org.eclipse.osgi.framework.internal.core.BundleHost.startWorker(BundleHost.java:323)
	at org.eclipse.osgi.framework.internal.core.AbstractBundle.resume(AbstractBundle.java:390)
	at org.eclipse.osgi.framework.internal.core.Framework.resumeBundle(Framework.java:1176)
	at org.eclipse.osgi.framework.internal.core.StartLevelManager.resumeBundles(StartLevelManager.java:559)
	at org.eclipse.osgi.framework.internal.core.StartLevelManager.resumeBundles(StartLevelManager.java:544)
	at org.eclipse.osgi.framework.internal.core.StartLevelManager.incFWSL(StartLevelManager.java:457)
	at org.eclipse.osgi.framework.internal.core.StartLevelManager.doSetStartLevel(StartLevelManager.java:243)
	at org.eclipse.osgi.framework.internal.core.StartLevelManager.dispatchEvent(StartLevelManager.java:438)
	at org.eclipse.osgi.framework.internal.core.StartLevelManager.dispatchEvent(StartLevelManager.java:1)
	at org.eclipse.osgi.framework.eventmgr.EventManager.dispatchEvent(EventManager.java:230)
	at org.eclipse.osgi.framework.eventmgr.EventManager$EventThread.run(EventManager.java:340)

!ENTRY org.eclipse.osgi 2 0 2016-04-05 14:07:30.177
!MESSAGE One or more bundles are not resolved because the following root constraints are not resolved:
!SUBENTRY 1 org.eclipse.osgi 2 0 2016-04-05 14:07:30.177
!MESSAGE Bundle reference:file:/C:/Users/Nandor/workspace/.metadata/.plugins/org.eclipse.pde.core/.bundle_pool/plugins/org.eclipse.equinox.p2.director_2.3.1.v20140221-1852.jar was not resolved.
!SUBENTRY 2 org.eclipse.equinox.p2.director 2 0 2016-04-05 14:07:30.178
!MESSAGE Missing imported package org.eclipse.equinox.internal.provisional.configurator_0.0.0.
!SUBENTRY 1 org.eclipse.osgi 2 0 2016-04-05 14:07:30.179
!MESSAGE Bundle reference:file:/C:/Users/Nandor/workspace/.metadata/.plugins/org.eclipse.pde.core/.bundle_pool/plugins/org.eclipse.equinox.security.ui_1.1.100.v20130327-1442.jar was not resolved.
!SUBENTRY 2 org.eclipse.equinox.security.ui 2 0 2016-04-05 14:07:30.180
!MESSAGE Missing required bundle org.eclipse.ui_[3.4.0,4.0.0).
!SUBENTRY 1 org.eclipse.osgi 2 0 2016-04-05 14:07:30.181
!MESSAGE Bundle reference:file:/C:/Users/Nandor/workspace/.metadata/.plugins/org.eclipse.pde.core/.bundle_pool/plugins/org.eclipse.equinox.p2.ui.sdk.scheduler_1.2.0.v20140122-1840.jar was not resolved.
!SUBENTRY 2 org.eclipse.equinox.p2.ui.sdk.scheduler 2 0 2016-04-05 14:07:30.182
!MESSAGE Missing imported package com.ibm.icu.util_4.0.1.
!SUBENTRY 2 org.eclipse.equinox.p2.ui.sdk.scheduler 2 0 2016-04-05 14:07:30.182
!MESSAGE Missing required bundle org.eclipse.ui_0.0.0.
!SUBENTRY 1 org.eclipse.osgi 2 0 2016-04-05 14:07:30.183
!MESSAGE Bundle reference:file:/C:/Users/Nandor/workspace/.metadata/.plugins/org.eclipse.pde.core/.bundle_pool/plugins/org.eclipse.equinox.p2.updatesite_1.0.400.v20130515-2028.jar was not resolved.
!SUBENTRY 2 org.eclipse.equinox.p2.updatesite 2 0 2016-04-05 14:07:30.184
!MESSAGE Missing required capability Require-Capability: osgi.ee; filter="(|(&(osgi.ee=JavaSE)(version=1.5))(&(osgi.ee=JavaSE)(version=1.4))(&(osgi.ee=CDC/Foundation)(version=1.1)))".
!SUBENTRY 1 org.eclipse.osgi 2 0 2016-04-05 14:07:30.185
!MESSAGE Bundle reference:file:/C:/Users/Nandor/workspace/.metadata/.plugins/org.eclipse.pde.core/.bundle_pool/plugins/org.eclipse.equinox.p2.ui.importexport_1.1.0.v20131209-2052.jar was not resolved.
!SUBENTRY 2 org.eclipse.equinox.p2.ui.importexport 2 0 2016-04-05 14:07:30.185
!MESSAGE Missing required bundle org.eclipse.ui.forms_3.5.0.
!SUBENTRY 2 org.eclipse.equinox.p2.ui.importexport 2 0 2016-04-05 14:07:30.186
!MESSAGE Missing required capability Require-Capability: osgi.ee; filter="(|(&(osgi.ee=JavaSE)(version=1.5))(&(osgi.ee=JavaSE)(version=1.4))(&(osgi.ee=CDC/Foundation)(version=1.1)))".
!SUBENTRY 2 org.eclipse.equinox.p2.ui.importexport 2 0 2016-04-05 14:07:30.187
!MESSAGE Missing required bundle org.eclipse.ui_0.0.0.
!SUBENTRY 1 org.eclipse.osgi 2 0 2016-04-05 14:07:30.187
!MESSAGE Bundle reference:file:/C:/Users/Nandor/workspace/.metadata/.plugins/org.eclipse.pde.core/.bundle_pool/plugins/org.eclipse.equinox.p2.console_1.0.300.v20130327-2119.jar was not resolved.
!SUBENTRY 2 org.eclipse.equinox.p2.console 2 0 2016-04-05 14:07:30.188
!MESSAGE Missing required capability Require-Capability: osgi.ee; filter="(|(&(osgi.ee=JavaSE)(version=1.5))(&(osgi.ee=JavaSE)(version=1.4))(&(osgi.ee=CDC/Foundation)(version=1.1)))".
!SUBENTRY 1 org.eclipse.osgi 2 0 2016-04-05 14:07:30.189
!MESSAGE Bundle reference:file:/C:/Users/Nandor/workspace/.metadata/.plugins/org.eclipse.pde.core/.bundle_pool/plugins/org.eclipse.equinox.simpleconfigurator.manipulator_2.0.0.v20130327-2119.jar was not resolved.
!SUBENTRY 2 org.eclipse.equinox.simpleconfigurator.manipulator 2 0 2016-04-05 14:07:30.189
!MESSAGE Missing required capability Require-Capability: osgi.ee; filter="(|(&(osgi.ee=CDC/Foundation)(version=1.1))(&(osgi.ee=JavaSE)(version=1.4)))".
!SUBENTRY 2 org.eclipse.equinox.simpleconfigurator.manipulator 2 0 2016-04-05 14:07:30.190
!MESSAGE Missing imported package org.eclipse.equinox.internal.simpleconfigurator.utils_0.0.0.
!SUBENTRY 2 org.eclipse.equinox.simpleconfigurator.manipulator 2 0 2016-04-05 14:07:30.191
!MESSAGE Missing imported package org.eclipse.equinox.internal.simpleconfigurator_0.0.0.
!SUBENTRY 1 org.eclipse.osgi 2 0 2016-04-05 14:07:30.191
!MESSAGE Bundle reference:file:/C:/Users/Nandor/workspace/.metadata/.plugins/org.eclipse.pde.core/.bundle_pool/plugins/org.eclipse.equinox.p2.updatechecker_1.1.200.v20130327-2119.jar was not resolved.
!SUBENTRY 2 org.eclipse.equinox.p2.updatechecker 2 0 2016-04-05 14:07:30.192
!MESSAGE Missing required capability Require-Capability: osgi.ee; filter="(|(&(osgi.ee=JavaSE)(version=1.5))(&(osgi.ee=JavaSE)(version=1.4))(&(osgi.ee=CDC/Foundation)(version=1.1)))".
!SUBENTRY 1 org.eclipse.osgi 2 0 2016-04-05 14:07:30.193
!MESSAGE Bundle reference:file:/C:/Users/Nandor/workspace/.metadata/.plugins/org.eclipse.pde.core/.bundle_pool/plugins/org.eclipse.equinox.p2.reconciler.dropins_1.1.200.v20130419-1850.jar was not resolved.
!SUBENTRY 2 org.eclipse.equinox.p2.reconciler.dropins 2 0 2016-04-05 14:07:30.193
!MESSAGE Missing imported package org.eclipse.equinox.internal.provisional.configurator_0.0.0.
!SUBENTRY 2 org.eclipse.equinox.p2.reconciler.dropins 2 0 2016-04-05 14:07:30.194
!MESSAGE Missing required capability Require-Capability: osgi.ee; filter="(|(&(osgi.ee=JavaSE)(version=1.5))(&(osgi.ee=JavaSE)(version=1.4))(&(osgi.ee=CDC/Foundation)(version=1.1)))".
!SUBENTRY 1 org.eclipse.osgi 2 0 2016-04-05 14:07:30.195
!MESSAGE Bundle reference:file:/C:/Users/Nandor/workspace/.metadata/.plugins/org.eclipse.pde.core/.bundle_pool/plugins/org.eclipse.equinox.p2.operations_2.3.0.v20130711-1809.jar was not resolved.
!SUBENTRY 2 org.eclipse.equinox.p2.operations 2 0 2016-04-05 14:07:30.196
!MESSAGE Missing imported package org.eclipse.equinox.internal.provisional.configurator_0.0.0.
!SUBENTRY 1 org.eclipse.osgi 2 0 2016-04-05 14:07:30.197
!MESSAGE Bundle reference:file:/C:/Users/Nandor/workspace/.metadata/.plugins/org.eclipse.pde.core/.bundle_pool/plugins/org.eclipse.equinox.p2.directorywatcher_1.0.300.v20130327-2119.jar was not resolved.
!SUBENTRY 2 org.eclipse.equinox.p2.directorywatcher 2 0 2016-04-05 14:07:30.198
!MESSAGE Missing required capability Require-Capability: osgi.ee; filter="(|(&(osgi.ee=JavaSE)(version=1.5))(&(osgi.ee=JavaSE)(version=1.4))(&(osgi.ee=CDC/Foundation)(version=1.1)))".
!SUBENTRY 1 org.eclipse.osgi 2 0 2016-04-05 14:07:30.198
!MESSAGE Bundle reference:file:/C:/Users/Nandor/workspace/.metadata/.plugins/org.eclipse.pde.core/.bundle_pool/plugins/org.eclipse.equinox.p2.ui.sdk_1.0.300.v20130503-1750.jar was not resolved.
!SUBENTRY 2 org.eclipse.equinox.p2.ui.sdk 2 0 2016-04-05 14:07:30.199
!MESSAGE Missing required capability Require-Capability: osgi.ee; filter="(|(&(osgi.ee=JavaSE)(version=1.5))(&(osgi.ee=JavaSE)(version=1.4))(&(osgi.ee=CDC/Foundation)(version=1.1)))".
!SUBENTRY 2 org.eclipse.equinox.p2.ui.sdk 2 0 2016-04-05 14:07:30.200
!MESSAGE Missing required bundle org.eclipse.ui_3.6.0.
!SUBENTRY 1 org.eclipse.osgi 2 0 2016-04-05 14:07:30.200
!MESSAGE Bundle reference:file:/C:/Users/Nandor/workspace/.metadata/.plugins/org.eclipse.pde.core/.bundle_pool/plugins/org.eclipse.equinox.p2.director.app_1.0.300.v20130819-1621.jar was not resolved.
!SUBENTRY 2 org.eclipse.equinox.p2.director.app 2 0 2016-04-05 14:07:30.201
!MESSAGE Missing required capability Require-Capability: osgi.ee; filter="(|(&(osgi.ee=JavaSE)(version=1.5))(&(osgi.ee=JavaSE)(version=1.4))(&(osgi.ee=CDC/Foundation)(version=1.1)))".
!SUBENTRY 1 org.eclipse.osgi 2 0 2016-04-05 14:07:30.202
!MESSAGE Bundle reference:file:/C:/Users/Nandor/workspace/.metadata/.plugins/org.eclipse.pde.core/.bundle_pool/plugins/org.eclipse.equinox.p2.ui.discovery_1.0.0.v20130502-0334.jar was not resolved.
!SUBENTRY 2 org.eclipse.equinox.p2.ui.discovery 2 0 2016-04-05 14:07:30.204
!MESSAGE Missing required bundle org.eclipse.ui_0.0.0.
!SUBENTRY 2 org.eclipse.equinox.p2.ui.discovery 2 0 2016-04-05 14:07:30.205
!MESSAGE Missing required bundle org.eclipse.ui.browser_0.0.0.
!SUBENTRY 2 org.eclipse.equinox.p2.ui.discovery 2 0 2016-04-05 14:07:30.206
!MESSAGE Missing imported package com.ibm.icu.text_0.0.0.
!SUBENTRY 1 org.eclipse.osgi 2 0 2016-04-05 14:07:30.207
!MESSAGE Bundle reference:file:/C:/Users/Nandor/workspace/.metadata/.plugins/org.eclipse.pde.core/.bundle_pool/plugins/org.eclipse.equinox.p2.extensionlocation_1.2.100.v20130327-2119.jar was not resolved.
!SUBENTRY 2 org.eclipse.equinox.p2.extensionlocation 2 0 2016-04-05 14:07:30.208
!MESSAGE Missing required capability Require-Capability: osgi.ee; filter="(|(&(osgi.ee=JavaSE)(version=1.5))(&(osgi.ee=JavaSE)(version=1.4))(&(osgi.ee=CDC/Foundation)(version=1.1)))".
!SUBENTRY 1 org.eclipse.osgi 2 0 2016-04-05 14:07:30.209
!MESSAGE Bundle reference:file:/C:/Users/Nandor/workspace/.metadata/.plugins/org.eclipse.pde.core/.bundle_pool/plugins/org.eclipse.equinox.p2.ui_2.3.0.v20131209-2052.jar was not resolved.
!SUBENTRY 2 org.eclipse.equinox.p2.ui 2 0 2016-04-05 14:07:30.210
!MESSAGE Missing imported package org.eclipse.equinox.internal.provisional.configurator_0.0.0.
!SUBENTRY 2 org.eclipse.equinox.p2.ui 2 0 2016-04-05 14:07:30.211
!MESSAGE Missing imported package com.ibm.icu.text_0.0.0.
!SUBENTRY 2 org.eclipse.equinox.p2.ui 2 0 2016-04-05 14:07:30.212
!MESSAGE Missing required bundle org.eclipse.ui_3.6.0.
!SUBENTRY 2 org.eclipse.equinox.p2.ui 2 0 2016-04-05 14:07:30.213
!MESSAGE Missing required capability Require-Capability: osgi.ee; filter="(|(&(osgi.ee=JavaSE)(version=1.5))(&(osgi.ee=JavaSE)(version=1.4))(&(osgi.ee=CDC/Foundation)(version=1.1)))".

!ENTRY org.eclipse.osgi 2 0 2016-04-05 14:07:30.434
!MESSAGE The following is a complete list of bundles which are not resolved, see the prior log entry for the root cause if it exists:
!SUBENTRY 1 org.eclipse.osgi 2 0 2016-04-05 14:07:30.435
!MESSAGE Bundle org.eclipse.equinox.p2.console_1.0.300.v20130327-2119 [48] was not resolved.
!SUBENTRY 2 org.eclipse.equinox.p2.console 2 0 2016-04-05 14:07:30.436
!MESSAGE Missing imported package org.eclipse.equinox.internal.provisional.p2.director_0.0.0.
!SUBENTRY 2 org.eclipse.equinox.p2.console 2 0 2016-04-05 14:07:30.437
!MESSAGE Missing imported package org.eclipse.equinox.p2.planner_[2.0.0,3.0.0).
!SUBENTRY 2 org.eclipse.equinox.p2.console 2 0 2016-04-05 14:07:30.438
!MESSAGE Missing required capability Require-Capability: osgi.ee; filter="(|(&(osgi.ee=JavaSE)(version=1.5))(&(osgi.ee=JavaSE)(version=1.4))(&(osgi.ee=CDC/Foundation)(version=1.1)))".
!SUBENTRY 1 org.eclipse.osgi 2 0 2016-04-05 14:07:30.439
!MESSAGE Bundle org.eclipse.equinox.p2.director_2.3.1.v20140221-1852 [50] was not resolved.
!SUBENTRY 2 org.eclipse.equinox.p2.director 2 0 2016-04-05 14:07:30.440
!MESSAGE Missing imported package org.eclipse.equinox.internal.provisional.configurator_0.0.0.
!SUBENTRY 1 org.eclipse.osgi 2 0 2016-04-05 14:07:30.440
!MESSAGE Bundle org.eclipse.equinox.p2.director.app_1.0.300.v20130819-1621 [51] was not resolved.
!SUBENTRY 2 org.eclipse.equinox.p2.director.app 2 0 2016-04-05 14:07:30.441
!MESSAGE Missing imported package org.eclipse.equinox.internal.p2.director_0.0.0.
!SUBENTRY 2 org.eclipse.equinox.p2.director.app 2 0 2016-04-05 14:07:30.442
!MESSAGE Missing imported package org.eclipse.equinox.internal.provisional.p2.director_0.0.0.
!SUBENTRY 2 org.eclipse.equinox.p2.director.app 2 0 2016-04-05 14:07:30.442
!MESSAGE Missing imported package org.eclipse.equinox.p2.planner_[2.0.0,3.0.0).
!SUBENTRY 2 org.eclipse.equinox.p2.director.app 2 0 2016-04-05 14:07:30.443
!MESSAGE Missing required capability Require-Capability: osgi.ee; filter="(|(&(osgi.ee=JavaSE)(version=1.5))(&(osgi.ee=JavaSE)(version=1.4))(&(osgi.ee=CDC/Foundation)(version=1.1)))".
!SUBENTRY 1 org.eclipse.osgi 2 0 2016-04-05 14:07:30.444
!MESSAGE Bundle org.eclipse.equinox.p2.directorywatcher_1.0.300.v20130327-2119 [52] was not resolved.
!SUBENTRY 2 org.eclipse.equinox.p2.directorywatcher 2 0 2016-04-05 14:07:30.445
!MESSAGE Missing imported package org.eclipse.equinox.internal.p2.update_0.0.0.
!SUBENTRY 2 org.eclipse.equinox.p2.directorywatcher 2 0 2016-04-05 14:07:30.445
!MESSAGE Missing imported package org.eclipse.equinox.p2.publisher.eclipse_0.0.0.
!SUBENTRY 2 org.eclipse.equinox.p2.directorywatcher 2 0 2016-04-05 14:07:30.446
!MESSAGE Missing required capability Require-Capability: osgi.ee; filter="(|(&(osgi.ee=JavaSE)(version=1.5))(&(osgi.ee=JavaSE)(version=1.4))(&(osgi.ee=CDC/Foundation)(version=1.1)))".
!SUBENTRY 1 org.eclipse.osgi 2 0 2016-04-05 14:07:30.447
!MESSAGE Bundle org.eclipse.equinox.p2.extensionlocation_1.2.100.v20130327-2119 [56] was not resolved.
!SUBENTRY 2 org.eclipse.equinox.p2.extensionlocation 2 0 2016-04-05 14:07:30.448
!MESSAGE Missing imported package org.eclipse.equinox.internal.p2.publisher.eclipse_0.0.0.
!SUBENTRY 2 org.eclipse.equinox.p2.extensionlocation 2 0 2016-04-05 14:07:30.449
!MESSAGE Missing imported package org.eclipse.equinox.internal.p2.touchpoint.eclipse_0.0.0.
!SUBENTRY 2 org.eclipse.equinox.p2.extensionlocation 2 0 2016-04-05 14:07:30.449
!MESSAGE Missing imported package org.eclipse.equinox.internal.p2.update_0.0.0.
!SUBENTRY 2 org.eclipse.equinox.p2.extensionlocation 2 0 2016-04-05 14:07:30.450
!MESSAGE Missing imported package org.eclipse.equinox.internal.provisional.p2.directorywatcher_0.0.0.
!SUBENTRY 2 org.eclipse.equinox.p2.extensionlocation 2 0 2016-04-05 14:07:30.451
!MESSAGE Missing imported package org.eclipse.equinox.p2.publisher.eclipse_0.0.0.
!SUBENTRY 2 org.eclipse.equinox.p2.extensionlocation 2 0 2016-04-05 14:07:30.452
!MESSAGE Missing required capability Require-Capability: osgi.ee; filter="(|(&(osgi.ee=JavaSE)(version=1.5))(&(osgi.ee=JavaSE)(version=1.4))(&(osgi.ee=CDC/Foundation)(version=1.1)))".
!SUBENTRY 1 org.eclipse.osgi 2 0 2016-04-05 14:07:30.453
!MESSAGE Bundle org.eclipse.equinox.p2.operations_2.3.0.v20130711-1809 [61] was not resolved.
!SUBENTRY 2 org.eclipse.equinox.p2.operations 2 0 2016-04-05 14:07:30.453
!MESSAGE Missing imported package org.eclipse.equinox.internal.p2.director_0.0.0.
!SUBENTRY 2 org.eclipse.equinox.p2.operations 2 0 2016-04-05 14:07:30.454
!MESSAGE Missing imported package org.eclipse.equinox.internal.provisional.configurator_0.0.0.
!SUBENTRY 2 org.eclipse.equinox.p2.operations 2 0 2016-04-05 14:07:30.455
!MESSAGE Missing imported package org.eclipse.equinox.internal.provisional.p2.director_0.0.0.
!SUBENTRY 2 org.eclipse.equinox.p2.operations 2 0 2016-04-05 14:07:30.456
!MESSAGE Missing imported package org.eclipse.equinox.p2.planner_[2.0.0,3.0.0).
!SUBENTRY 1 org.eclipse.osgi 2 0 2016-04-05 14:07:30.457
!MESSAGE Bundle org.eclipse.equinox.p2.publisher.eclipse_1.1.200.v20130516-1953 [63] was not resolved.
!SUBENTRY 2 org.eclipse.equinox.p2.publisher.eclipse 2 0 2016-04-05 14:07:30.457
!MESSAGE Missing imported package org.eclipse.equinox.simpleconfigurator.manipulator_[2.0.0,3.0.0).
!SUBENTRY 1 org.eclipse.osgi 2 0 2016-04-05 14:07:30.458
!MESSAGE Bundle org.eclipse.equinox.p2.reconciler.dropins_1.1.200.v20130419-1850 [64] was not resolved.
!SUBENTRY 2 org.eclipse.equinox.p2.reconciler.dropins 2 0 2016-04-05 14:07:30.459
!MESSAGE Missing required bundle org.eclipse.equinox.p2.touchpoint.eclipse_1.0.0.
!SUBENTRY 2 org.eclipse.equinox.p2.reconciler.dropins 2 0 2016-04-05 14:07:30.460
!MESSAGE Missing imported package org.eclipse.equinox.internal.p2.director_0.0.0.
!SUBENTRY 2 org.eclipse.equinox.p2.reconciler.dropins 2 0 2016-04-05 14:07:30.460
!MESSAGE Missing imported package org.eclipse.equinox.internal.p2.extensionlocation_0.0.0.
!SUBENTRY 2 org.eclipse.equinox.p2.reconciler.dropins 2 0 2016-04-05 14:07:30.461
!MESSAGE Missing imported package org.eclipse.equinox.internal.p2.update_0.0.0.
!SUBENTRY 2 org.eclipse.equinox.p2.reconciler.dropins 2 0 2016-04-05 14:07:30.462
!MESSAGE Missing imported package org.eclipse.equinox.internal.provisional.configurator_0.0.0.
!SUBENTRY 2 org.eclipse.equinox.p2.reconciler.dropins 2 0 2016-04-05 14:07:30.464
!MESSAGE Missing imported package org.eclipse.equinox.internal.provisional.p2.directorywatcher_0.0.0.
!SUBENTRY 2 org.eclipse.equinox.p2.reconciler.dropins 2 0 2016-04-05 14:07:30.465
!MESSAGE Missing imported package org.eclipse.equinox.p2.planner_[2.0.0,3.0.0).
!SUBENTRY 2 org.eclipse.equinox.p2.reconciler.dropins 2 0 2016-04-05 14:07:30.466
!MESSAGE Missing required capability Require-Capability: osgi.ee; filter="(|(&(osgi.ee=JavaSE)(version=1.5))(&(osgi.ee=JavaSE)(version=1.4))(&(osgi.ee=CDC/Foundation)(version=1.1)))".
!SUBENTRY 1 org.eclipse.osgi 2 0 2016-04-05 14:07:30.467
!MESSAGE Bundle org.eclipse.equinox.p2.repository.tools_2.1.0.v20130327-2119 [66] was not resolved.
!SUBENTRY 2 org.eclipse.equinox.p2.repository.tools 2 0 2016-04-05 14:07:30.468
!MESSAGE Missing imported package org.eclipse.equinox.internal.p2.director_0.0.0.
!SUBENTRY 2 org.eclipse.equinox.p2.repository.tools 2 0 2016-04-05 14:07:30.469
!MESSAGE Missing imported package org.eclipse.equinox.internal.p2.publisher.eclipse_0.0.0.
!SUBENTRY 2 org.eclipse.equinox.p2.repository.tools 2 0 2016-04-05 14:07:30.470
!MESSAGE Missing imported package org.eclipse.equinox.internal.provisional.p2.director_0.0.0.
!SUBENTRY 2 org.eclipse.equinox.p2.repository.tools 2 0 2016-04-05 14:07:30.471
!MESSAGE Missing imported package org.eclipse.equinox.p2.planner_[2.0.0,3.0.0).
!SUBENTRY 2 org.eclipse.equinox.p2.repository.tools 2 0 2016-04-05 14:07:30.472
!MESSAGE Missing imported package org.eclipse.equinox.p2.publisher.eclipse_0.0.0.
!SUBENTRY 1 org.eclipse.osgi 2 0 2016-04-05 14:07:30.473
!MESSAGE Bundle org.eclipse.equinox.p2.touchpoint.eclipse_2.1.200.v20130327-2119 [67] was not resolved.
!SUBENTRY 2 org.eclipse.equinox.p2.touchpoint.eclipse 2 0 2016-04-05 14:07:30.474
!MESSAGE Missing imported package org.eclipse.equinox.internal.simpleconfigurator.manipulator_0.0.0.
!SUBENTRY 2 org.eclipse.equinox.p2.touchpoint.eclipse 2 0 2016-04-05 14:07:30.476
!MESSAGE Missing imported package org.eclipse.equinox.p2.planner_[2.0.0,3.0.0).
!SUBENTRY 2 org.eclipse.equinox.p2.touchpoint.eclipse 2 0 2016-04-05 14:07:30.477
!MESSAGE Missing optionally imported package org.eclipse.equinox.p2.publisher.eclipse_0.0.0.
!SUBENTRY 2 org.eclipse.equinox.p2.touchpoint.eclipse 2 0 2016-04-05 14:07:30.478
!MESSAGE Missing imported package org.eclipse.equinox.simpleconfigurator.manipulator_[2.0.0,3.0.0).
!SUBENTRY 1 org.eclipse.osgi 2 0 2016-04-05 14:07:30.479
!MESSAGE Bundle org.eclipse.equinox.p2.ui_2.3.0.v20131209-2052 [70] was not resolved.
!SUBENTRY 2 org.eclipse.equinox.p2.ui 2 0 2016-04-05 14:07:30.479
!MESSAGE Missing required bundle org.eclipse.ui_3.6.0.
!SUBENTRY 2 org.eclipse.equinox.p2.ui 2 0 2016-04-05 14:07:30.480
!MESSAGE Missing required bundle org.eclipse.equinox.security.ui_[1.0.0,2.0.0).
!SUBENTRY 2 org.eclipse.equinox.p2.ui 2 0 2016-04-05 14:07:30.481
!MESSAGE Missing imported package com.ibm.icu.text_0.0.0.
!SUBENTRY 2 org.eclipse.equinox.p2.ui 2 0 2016-04-05 14:07:30.481
!MESSAGE Missing imported package org.eclipse.equinox.internal.p2.director_0.0.0.
!SUBENTRY 2 org.eclipse.equinox.p2.ui 2 0 2016-04-05 14:07:30.482
!MESSAGE Missing imported package org.eclipse.equinox.internal.provisional.configurator_0.0.0.
!SUBENTRY 2 org.eclipse.equinox.p2.ui 2 0 2016-04-05 14:07:30.483
!MESSAGE Missing imported package org.eclipse.equinox.p2.operations_[2.0.0,3.0.0).
!SUBENTRY 2 org.eclipse.equinox.p2.ui 2 0 2016-04-05 14:07:30.483
!MESSAGE Missing imported package org.eclipse.equinox.p2.planner_[2.0.0,3.0.0).
!SUBENTRY 2 org.eclipse.equinox.p2.ui 2 0 2016-04-05 14:07:30.484
!MESSAGE Missing required capability Require-Capability: osgi.ee; filter="(|(&(osgi.ee=JavaSE)(version=1.5))(&(osgi.ee=JavaSE)(version=1.4))(&(osgi.ee=CDC/Foundation)(version=1.1)))".
!SUBENTRY 1 org.eclipse.osgi 2 0 2016-04-05 14:07:30.485
!MESSAGE Bundle org.eclipse.equinox.p2.ui.discovery_1.0.0.v20130502-0334 [71] was not resolved.
!SUBENTRY 2 org.eclipse.equinox.p2.ui.discovery 2 0 2016-04-05 14:07:30.485
!MESSAGE Missing required bundle org.eclipse.ui_0.0.0.
!SUBENTRY 2 org.eclipse.equinox.p2.ui.discovery 2 0 2016-04-05 14:07:30.486
!MESSAGE Missing required bundle org.eclipse.ui.browser_0.0.0.
!SUBENTRY 2 org.eclipse.equinox.p2.ui.discovery 2 0 2016-04-05 14:07:30.487
!MESSAGE Missing required bundle org.eclipse.equinox.p2.ui_2.0.0.
!SUBENTRY 2 org.eclipse.equinox.p2.ui.discovery 2 0 2016-04-05 14:07:30.488
!MESSAGE Missing required bundle org.eclipse.equinox.p2.operations_[2.0.0,3.0.0).
!SUBENTRY 2 org.eclipse.equinox.p2.ui.discovery 2 0 2016-04-05 14:07:30.489
!MESSAGE Missing imported package com.ibm.icu.text_0.0.0.
!SUBENTRY 2 org.eclipse.equinox.p2.ui.discovery 2 0 2016-04-05 14:07:30.490
!MESSAGE Missing imported package org.eclipse.equinox.p2.planner_2.0.0.
!SUBENTRY 1 org.eclipse.osgi 2 0 2016-04-05 14:07:30.491
!MESSAGE Bundle org.eclipse.equinox.p2.ui.importexport_1.1.0.v20131209-2052 [72] was not resolved.
!SUBENTRY 2 org.eclipse.equinox.p2.ui.importexport 2 0 2016-04-05 14:07:30.491
!MESSAGE Missing required bundle org.eclipse.ui_0.0.0.
!SUBENTRY 2 org.eclipse.equinox.p2.ui.importexport 2 0 2016-04-05 14:07:30.492
!MESSAGE Missing required bundle org.eclipse.equinox.p2.ui_0.0.0.
!SUBENTRY 2 org.eclipse.equinox.p2.ui.importexport 2 0 2016-04-05 14:07:30.493
!MESSAGE Missing required bundle org.eclipse.equinox.p2.extensionlocation_0.0.0.
!SUBENTRY 2 org.eclipse.equinox.p2.ui.importexport 2 0 2016-04-05 14:07:30.495
!MESSAGE Missing required bundle org.eclipse.ui.forms_3.5.0.
!SUBENTRY 2 org.eclipse.equinox.p2.ui.importexport 2 0 2016-04-05 14:07:30.496
!MESSAGE Missing imported package org.eclipse.equinox.internal.p2.ui_0.0.0.
!SUBENTRY 2 org.eclipse.equinox.p2.ui.importexport 2 0 2016-04-05 14:07:30.497
!MESSAGE Missing imported package org.eclipse.equinox.internal.p2.ui.dialogs_0.0.0.
!SUBENTRY 2 org.eclipse.equinox.p2.ui.importexport 2 0 2016-04-05 14:07:30.498
!MESSAGE Missing imported package org.eclipse.equinox.internal.p2.ui.model_0.0.0.
!SUBENTRY 2 org.eclipse.equinox.p2.ui.importexport 2 0 2016-04-05 14:07:30.499
!MESSAGE Missing imported package org.eclipse.equinox.internal.p2.ui.viewers_0.0.0.
!SUBENTRY 2 org.eclipse.equinox.p2.ui.importexport 2 0 2016-04-05 14:07:30.500
!MESSAGE Missing imported package org.eclipse.equinox.internal.provisional.p2.director_0.0.0.
!SUBENTRY 2 org.eclipse.equinox.p2.ui.importexport 2 0 2016-04-05 14:07:30.501
!MESSAGE Missing imported package org.eclipse.equinox.p2.operations_2.0.0.
!SUBENTRY 2 org.eclipse.equinox.p2.ui.importexport 2 0 2016-04-05 14:07:30.502
!MESSAGE Missing imported package org.eclipse.equinox.p2.planner_2.0.0.
!SUBENTRY 2 org.eclipse.equinox.p2.ui.importexport 2 0 2016-04-05 14:07:30.503
!MESSAGE Missing required capability Require-Capability: osgi.ee; filter="(|(&(osgi.ee=JavaSE)(version=1.5))(&(osgi.ee=JavaSE)(version=1.4))(&(osgi.ee=CDC/Foundation)(version=1.1)))".
!SUBENTRY 1 org.eclipse.osgi 2 0 2016-04-05 14:07:30.503
!MESSAGE Bundle org.eclipse.equinox.p2.ui.sdk_1.0.300.v20130503-1750 [73] was not resolved.
!SUBENTRY 2 org.eclipse.equinox.p2.ui.sdk 2 0 2016-04-05 14:07:30.504
!MESSAGE Missing required bundle org.eclipse.ui_3.6.0.
!SUBENTRY 2 org.eclipse.equinox.p2.ui.sdk 2 0 2016-04-05 14:07:30.505
!MESSAGE Missing required bundle org.eclipse.equinox.p2.ui_0.0.0.
!SUBENTRY 2 org.eclipse.equinox.p2.ui.sdk 2 0 2016-04-05 14:07:30.506
!MESSAGE Missing optionally imported package org.eclipse.compare_0.0.0.
!SUBENTRY 2 org.eclipse.equinox.p2.ui.sdk 2 0 2016-04-05 14:07:30.508
!MESSAGE Missing optionally imported package org.eclipse.compare.structuremergeviewer_0.0.0.
!SUBENTRY 2 org.eclipse.equinox.p2.ui.sdk 2 0 2016-04-05 14:07:30.509
!MESSAGE Missing imported package org.eclipse.equinox.p2.operations_[2.0.0,3.0.0).
!SUBENTRY 2 org.eclipse.equinox.p2.ui.sdk 2 0 2016-04-05 14:07:30.511
!MESSAGE Missing imported package org.eclipse.equinox.p2.planner_2.0.0.
!SUBENTRY 2 org.eclipse.equinox.p2.ui.sdk 2 0 2016-04-05 14:07:30.513
!MESSAGE Missing required capability Require-Capability: osgi.ee; filter="(|(&(osgi.ee=JavaSE)(version=1.5))(&(osgi.ee=JavaSE)(version=1.4))(&(osgi.ee=CDC/Foundation)(version=1.1)))".
!SUBENTRY 1 org.eclipse.osgi 2 0 2016-04-05 14:07:30.514
!MESSAGE Bundle org.eclipse.equinox.p2.ui.sdk.scheduler_1.2.0.v20140122-1840 [74] was not resolved.
!SUBENTRY 2 org.eclipse.equinox.p2.ui.sdk.scheduler 2 0 2016-04-05 14:07:30.516
!MESSAGE Missing required bundle org.eclipse.ui_0.0.0.
!SUBENTRY 2 org.eclipse.equinox.p2.ui.sdk.scheduler 2 0 2016-04-05 14:07:30.517
!MESSAGE Missing required bundle org.eclipse.equinox.p2.updatechecker_0.0.0.
!SUBENTRY 2 org.eclipse.equinox.p2.ui.sdk.scheduler 2 0 2016-04-05 14:07:30.519
!MESSAGE Missing required bundle org.eclipse.equinox.p2.ui_0.0.0.
!SUBENTRY 2 org.eclipse.equinox.p2.ui.sdk.scheduler 2 0 2016-04-05 14:07:30.520
!MESSAGE Missing imported package com.ibm.icu.util_4.0.1.
!SUBENTRY 2 org.eclipse.equinox.p2.ui.sdk.scheduler 2 0 2016-04-05 14:07:30.522
!MESSAGE Missing imported package org.eclipse.equinox.internal.p2.touchpoint.eclipse_2.0.0.
!SUBENTRY 2 org.eclipse.equinox.p2.ui.sdk.scheduler 2 0 2016-04-05 14:07:30.523
!MESSAGE Missing imported package org.eclipse.equinox.internal.p2.ui_0.0.0.
!SUBENTRY 2 org.eclipse.equinox.p2.ui.sdk.scheduler 2 0 2016-04-05 14:07:30.525
!MESSAGE Missing imported package org.eclipse.equinox.internal.p2.ui.actions_0.0.0.
!SUBENTRY 2 org.eclipse.equinox.p2.ui.sdk.scheduler 2 0 2016-04-05 14:07:30.526
!MESSAGE Missing imported package org.eclipse.equinox.internal.p2.ui.query_0.0.0.
!SUBENTRY 2 org.eclipse.equinox.p2.ui.sdk.scheduler 2 0 2016-04-05 14:07:30.528
!MESSAGE Missing imported package org.eclipse.equinox.internal.provisional.p2.updatechecker_0.0.0.
!SUBENTRY 2 org.eclipse.equinox.p2.ui.sdk.scheduler 2 0 2016-04-05 14:07:30.529
!MESSAGE Missing imported package org.eclipse.equinox.p2.operations_[2.0.0,3.0.0).
!SUBENTRY 2 org.eclipse.equinox.p2.ui.sdk.scheduler 2 0 2016-04-05 14:07:30.530
!MESSAGE Missing imported package org.eclipse.equinox.p2.ui_[2.0.0,3.0.0).
!SUBENTRY 1 org.eclipse.osgi 2 0 2016-04-05 14:07:30.531
!MESSAGE Bundle org.eclipse.equinox.p2.updatechecker_1.1.200.v20130327-2119 [75] was not resolved.
!SUBENTRY 2 org.eclipse.equinox.p2.updatechecker 2 0 2016-04-05 14:07:30.532
!MESSAGE Missing imported package org.eclipse.equinox.p2.planner_[2.0.0,3.0.0).
!SUBENTRY 2 org.eclipse.equinox.p2.updatechecker 2 0 2016-04-05 14:07:30.533
!MESSAGE Missing required capability Require-Capability: osgi.ee; filter="(|(&(osgi.ee=JavaSE)(version=1.5))(&(osgi.ee=JavaSE)(version=1.4))(&(osgi.ee=CDC/Foundation)(version=1.1)))".
!SUBENTRY 1 org.eclipse.osgi 2 0 2016-04-05 14:07:30.534
!MESSAGE Bundle org.eclipse.equinox.p2.updatesite_1.0.400.v20130515-2028 [76] was not resolved.
!SUBENTRY 2 org.eclipse.equinox.p2.updatesite 2 0 2016-04-05 14:07:30.534
!MESSAGE Missing imported package org.eclipse.equinox.internal.p2.publisher.eclipse_0.0.0.
!SUBENTRY 2 org.eclipse.equinox.p2.updatesite 2 0 2016-04-05 14:07:30.535
!MESSAGE Missing imported package org.eclipse.equinox.p2.publisher.eclipse_0.0.0.
!SUBENTRY 2 org.eclipse.equinox.p2.updatesite 2 0 2016-04-05 14:07:30.536
!MESSAGE Missing required capability Require-Capability: osgi.ee; filter="(|(&(osgi.ee=JavaSE)(version=1.5))(&(osgi.ee=JavaSE)(version=1.4))(&(osgi.ee=CDC/Foundation)(version=1.1)))".
!SUBENTRY 1 org.eclipse.osgi 2 0 2016-04-05 14:07:30.537
!MESSAGE Bundle org.eclipse.equinox.security.ui_1.1.100.v20130327-1442 [80] was not resolved.
!SUBENTRY 2 org.eclipse.equinox.security.ui 2 0 2016-04-05 14:07:30.538
!MESSAGE Missing required bundle org.eclipse.ui_[3.4.0,4.0.0).
!SUBENTRY 1 org.eclipse.osgi 2 0 2016-04-05 14:07:30.539
!MESSAGE Bundle org.eclipse.equinox.simpleconfigurator.manipulator_2.0.0.v20130327-2119 [82] was not resolved.
!SUBENTRY 2 org.eclipse.equinox.simpleconfigurator.manipulator 2 0 2016-04-05 14:07:30.540
!MESSAGE Missing imported package org.eclipse.equinox.internal.simpleconfigurator_0.0.0.
!SUBENTRY 2 org.eclipse.equinox.simpleconfigurator.manipulator 2 0 2016-04-05 14:07:30.541
!MESSAGE Missing imported package org.eclipse.equinox.internal.simpleconfigurator.utils_0.0.0.
!SUBENTRY 2 org.eclipse.equinox.simpleconfigurator.manipulator 2 0 2016-04-05 14:07:30.542
!MESSAGE Missing required capability Require-Capability: osgi.ee; filter="(|(&(osgi.ee=CDC/Foundation)(version=1.1))(&(osgi.ee=JavaSE)(version=1.4)))".
